Tue Mar  4 22:21:00 2025 [1741148460043 msec] (263 s) Thread 8 - [AdminCommands] INFO - Sara Serenity used '/setgodmode' on (null) with params 'sara'
Tue Mar  4 22:21:15 2025 [1741148475257 msec] (278 s) Thread 6 - [AdminCommands] INFO - Sara Serenity used '/setgodmode' on (null) with params 'sara off'
Tue Mar  4 22:29:55 2025 [1741148995291 msec] (798 s) Thread 8 - [AdminCommands] INFO - Sara Serenity used '/setgodmode' on (null) with params 'sara on'
Tue Mar  4 22:30:01 2025 [1741149001162 msec] (804 s) Thread 7 - [AdminCommands] INFO - Sara Serenity used '/object' on (null) with params 'createitem object/tangible/terminal/terminal_character_builder.iff'
Tue Mar  4 22:30:23 2025 [1741149023760 msec] (826 s) Thread 10 - [AdminCommands] INFO - Sara Serenity used '/setgodmode' on (null) with params 'sara on'
Tue Mar  4 22:30:33 2025 [1741149033745 msec] (836 s) Thread 10 - [AdminCommands] INFO - Sara Serenity used '/setgodmode' on (null) with params 'sara off'
Tue Mar  4 22:34:02 2025 [1741149242448 msec] (1045 s) Thread 6 - [AdminCommands] INFO - Sara Serenity used '/setgodmode' on (null) with params 'sara on'
Tue Mar  4 22:36:04 2025 [1741149364341 msec] (1167 s) Thread 6 - [AdminCommands] INFO - Sara Serenity used '/goto' on (null) with params '6800 4400'
Tue Mar  4 22:36:19 2025 [1741149379813 msec] (1182 s) Thread 10 - [AdminCommands] INFO - Sara Serenity used '/goto' on (null) with params ''
Tue Mar  4 22:36:28 2025 [1741149388353 msec] (1191 s) Thread 9 - [AdminCommands] INFO - Sara Serenity used '/goto' on (null) with params '?'
Tue Mar  4 22:36:37 2025 [1741149397964 msec] (1201 s) Thread 3 - [AdminCommands] INFO - Sara Serenity used '/goto' on (null) with params '?'
Tue Mar  4 22:37:36 2025 [1741149456599 msec] (1259 s) Thread 8 - [AdminCommands] INFO - Sara Serenity used '/kill' on a krayt dragon ancient(NPC) with params ''
Tue Mar  4 22:38:43 2025 [1741149523329 msec] (1326 s) Thread 8 - [AdminCommands] INFO - Sara Serenity used '/createcreature' on (null) with params 'krayt'
Tue Mar  4 22:39:54 2025 [1741149594494 msec] (1397 s) Thread 9 - [AdminCommands] INFO - Sara Serenity used '/createcreature' on (null) with params 'krayt_dragon_ancient'
Tue Mar  4 22:40:09 2025 [1741149609701 msec] (1412 s) Thread 7 - [AdminCommands] INFO - Sara Serenity used '/kill' on a krayt dragon ancient(NPC) with params ''
Tue Mar  4 22:42:04 2025 [1741149724896 msec] (1528 s) Thread 8 - [AdminCommands] INFO - Sara Serenity used '/createcreature' on (null) with params 'krayt_dragon_ancient'
Tue Mar  4 22:42:13 2025 [1741149733996 msec] (1537 s) Thread 3 - [AdminCommands] INFO - Sara Serenity used '/createcreature' on (null) with params 'krayt_dragon_ancient'
Tue Mar  4 22:42:25 2025 [1741149745951 msec] (1549 s) Thread 3 - [AdminCommands] INFO - Sara Serenity used '/kill' on a krayt dragon ancient(NPC) with params ''
Tue Mar  4 22:43:03 2025 [1741149783231 msec] (1586 s) Thread 9 - [AdminCommands] INFO - Sara Serenity used '/goto' on Lidu Nibi (a commoner)(NPC) with params '?'
Tue Mar  4 22:44:49 2025 [1741149889171 msec] (1692 s) Thread 4 - [AdminCommands] INFO - Sara Serenity used '/kill' on a krayt dragon ancient(NPC) with params ''
Tue Mar  4 22:45:46 2025 [1741149946117 msec] (1749 s) Thread 4 - [AdminCommands] INFO - Sara Serenity used '/kill' on a juvenile canyon krayt dragon(NPC) with params ''
Tue Mar  4 22:51:46 2025 [1741150306375 msec] (2109 s) Thread 3 - [AdminCommands] INFO - Sara Serenity used '/object' on (null) with params 'createitem object/tangible/terminal/terminal_character_builder.iff'
Tue Mar  4 23:00:15 2025 [1741150815232 msec] (280 s) Thread 9 - [AdminCommands] INFO - Dakkon used '/goto' on (null) with params '?'
Tue Mar  4 23:00:57 2025 [1741150857717 msec] (322 s) Thread 9 - [AdminCommands] INFO - Sebava Koefa used '/object' on (null) with params 'createitem object/tangible/terminal/terminal_character_builder.iff'
Tue Mar  4 23:02:57 2025 [1741150977390 msec] (442 s) Thread 4 - [AdminCommands] INFO - Eternis used '/goto' on (null) with params '?'
Tue Mar  4 23:03:12 2025 [1741150992399 msec] (457 s) Thread 7 - [AdminCommands] INFO - Eternis used '/goto' on (null) with params '?'
Tue Mar  4 23:08:25 2025 [1741151305092 msec] (770 s) Thread 10 - [AdminCommands] INFO - Sebava Koefa used '/object' on (null) with params 'createloot force_crystal_windus_guile'
Tue Mar  4 23:08:33 2025 [1741151313736 msec] (778 s) Thread 9 - [AdminCommands] INFO - Sebava Koefa used '/object' on (null) with params 'createloot force_crystal_banes_heart'
Tue Mar  4 23:08:52 2025 [1741151332571 msec] (797 s) Thread 10 - [AdminCommands] INFO - Sebava Koefa used '/object' on (null) with params 'createloot force_crystal_sunriders_destiny'
Tue Mar  4 23:10:51 2025 [1741151451138 msec] (916 s) Thread 8 - [AdminCommands] INFO - Dakkon used '/kill' on a canyon krayt dragon(NPC) with params ''
Tue Mar  4 23:11:48 2025 [1741151508135 msec] (973 s) Thread 10 - [AdminCommands] INFO - Dakkon used '/kill' on a canyon krayt dragon(NPC) with params ''
Tue Mar  4 23:15:11 2025 [1741151711722 msec] (1176 s) Thread 7 - [AdminCommands] INFO - Dakkon used '/kill' on a canyon krayt dragon(NPC) with params ''
Tue Mar  4 23:15:49 2025 [1741151749697 msec] (1214 s) Thread 7 - [AdminCommands] INFO - Dakkon used '/kill' on a canyon krayt dragon(NPC) with params ''
Tue Mar  4 23:18:18 2025 [1741151898773 msec] (1363 s) Thread 4 - [AdminCommands] INFO - Dakkon used '/kill' on a canyon krayt dragon(NPC) with params ''
Tue Mar  4 23:19:08 2025 [1741151948240 msec] (1413 s) Thread 8 - [AdminCommands] INFO - Dakkon used '/kill' on a canyon krayt dragon(NPC) with params ''
Tue Mar  4 23:20:22 2025 [1741152022596 msec] (1487 s) Thread 7 - [AdminCommands] INFO - Dakkon used '/kill' on a canyon krayt dragon(NPC) with params ''
Tue Mar  4 23:22:17 2025 [1741152137701 msec] (1602 s) Thread 8 - [AdminCommands] INFO - Dakkon used '/kill' on a canyon krayt dragon(NPC) with params ''
Tue Mar  4 23:23:27 2025 [1741152207374 msec] (1672 s) Thread 9 - [AdminCommands] INFO - Dakkon used '/kill' on a canyon krayt dragon(NPC) with params ''
Tue Mar  4 23:23:49 2025 [1741152229718 msec] (1694 s) Thread 3 - [AdminCommands] INFO - Dakkon used '/kill' on a canyon krayt dragon(NPC) with params ''
Tue Mar  4 23:25:54 2025 [1741152354512 msec] (1819 s) Thread 8 - [AdminCommands] INFO - Dakkon used '/kill' on a canyon krayt dragon(NPC) with params ''
Tue Mar  4 23:31:51 2025 [1741152711629 msec] (2176 s) Thread 6 - [AdminCommands] INFO - Dakkon used '/kill' on a krayt dragon ancient(NPC) with params ''
Tue Mar  4 23:33:20 2025 [1741152800750 msec] (2265 s) Thread 8 - [AdminCommands] INFO - Dakkon used '/kill' on a canyon krayt dragon(NPC) with params ''
Tue Mar  4 23:34:42 2025 [1741152882247 msec] (2347 s) Thread 5 - [AdminCommands] INFO - Dakkon used '/kill' on a canyon krayt dragon(NPC) with params ''
Tue Mar  4 23:34:49 2025 [1741152889497 msec] (2354 s) Thread 6 - [AdminCommands] INFO - Dakkon used '/kill' on a juvenile canyon krayt dragon(NPC) with params ''
Tue Mar  4 23:37:02 2025 [1741153022415 msec] (2487 s) Thread 4 - [AdminCommands] INFO - Dakkon used '/kill' on a canyon krayt dragon(NPC) with params ''
Tue Mar  4 23:38:34 2025 [1741153114575 msec] (2579 s) Thread 10 - [AdminCommands] INFO - Dakkon used '/kill' on a canyon krayt dragon(NPC) with params ''
Tue Mar  4 23:45:30 2025 [1741153530175 msec] (2995 s) Thread 4 - [AdminCommands] INFO - Dakkon used '/kill' on a juvenile canyon krayt dragon(NPC) with params ''
Tue Mar  4 23:46:16 2025 [1741153576112 msec] (3041 s) Thread 3 - [AdminCommands] INFO - Dakkon used '/planetwarp' on (null) with params 'yavin'
Tue Mar  4 23:46:27 2025 [1741153587898 msec] (3053 s) Thread 9 - [AdminCommands] INFO - Dakkon used '/goto' on (null) with params 'yavin4'
Tue Mar  4 23:46:37 2025 [1741153597186 msec] (3062 s) Thread 4 - [AdminCommands] INFO - Dakkon used '/planetwarp' on (null) with params ''
Tue Mar  4 23:46:45 2025 [1741153605941 msec] (3071 s) Thread 4 - [AdminCommands] INFO - Dakkon used '/planetwarp' on (null) with params 'yavin4'
Tue Mar  4 23:47:55 2025 [1741153675928 msec] (3141 s) Thread 8 - [AdminCommands] INFO - Dakkon used '/goto' on (null) with params 'anc'
Tue Mar  4 23:48:13 2025 [1741153693858 msec] (3158 s) Thread 6 - [AdminCommands] INFO - Sebava Koefa used '/object' on (null) with params 'createitem object/tangible/jedi/force_shrine_stone.iff'
Tue Mar  4 23:51:09 2025 [1741153869251 msec] (3334 s) Thread 8 - [AdminCommands] INFO - Dakkon used '/goto' on (null) with params 'geo'
Tue Mar  4 23:53:03 2025 [1741153983164 msec] (3448 s) Thread 10 - [AdminCommands] INFO - Dakkon used '/goto' on (null) with params 'geo'
Tue Mar  4 23:53:21 2025 [1741154001862 msec] (3466 s) Thread 7 - [AdminCommands] INFO - Dakkon used '/goto' on Eva (a crazed Geonosian guard)(NPC) with params 'geo'
Tue Mar  4 23:54:52 2025 [1741154092398 msec] (3557 s) Thread 4 - [AdminCommands] INFO - Dakkon used '/goto' on (null) with params 'geo'
Tue Mar  4 23:55:32 2025 [1741154132047 msec] (3597 s) Thread 3 - [AdminCommands] INFO - Dakkon used '/invulnerable' on (null) with params ''
Tue Mar  4 23:55:35 2025 [1741154135346 msec] (3600 s) Thread 10 - [AdminCommands] INFO - Dakkon used '/goto' on Insurance Terminal(NPC) with params 'geo'
Wed Mar  5 00:16:04 2025 [1741155364269 msec] (4829 s) Thread 5 - [AdminCommands] INFO - Dakkon used '/createcreature' on (null) with params 'geonosian_acklay_bunker_boos'
Wed Mar  5 00:16:45 2025 [1741155405828 msec] (4870 s) Thread 5 - [AdminCommands] INFO - Dakkon used '/createcreature' on (null) with params 'geonosian_acklay_bunker_boos'
Wed Mar  5 00:17:03 2025 [1741155423039 msec] (4888 s) Thread 9 - [AdminCommands] INFO - Dakkon used '/goto' on (null) with params 'geo'
Wed Mar  5 00:17:24 2025 [1741155444755 msec] (4909 s) Thread 9 - [AdminCommands] INFO - Dakkon used '/createcreature' on (null) with params 'geonosian_acklay_bunker_boos'
Wed Mar  5 00:17:31 2025 [1741155451494 msec] (4916 s) Thread 8 - [AdminCommands] INFO - Dakkon used '/createcreature' on (null) with params 'geonosian_acklay_bunker_boss'
Wed Mar  5 00:18:01 2025 [1741155481858 msec] (4946 s) Thread 7 - [AdminCommands] INFO - Dakkon used '/createcreature' on (null) with params 'acklay'
Wed Mar  5 00:18:21 2025 [1741155501877 msec] (4966 s) Thread 5 - [AdminCommands] INFO - Dakkon used '/createcreature' on (null) with params 'acklay'
Wed Mar  5 00:20:19 2025 [1741155619784 msec] (5084 s) Thread 4 - [AdminCommands] INFO - Dakkon used '/createcreature' on (null) with params 'acklay'
Wed Mar  5 00:20:21 2025 [1741155621216 msec] (5086 s) Thread 9 - [AdminCommands] INFO - Dakkon used '/createcreature' on (null) with params 'acklay'
Wed Mar  5 00:20:23 2025 [1741155623836 msec] (5088 s) Thread 8 - [AdminCommands] INFO - Dakkon used '/createcreature' on (null) with params 'acklay'
Wed Mar  5 00:20:25 2025 [1741155625351 msec] (5090 s) Thread 10 - [AdminCommands] INFO - Dakkon used '/createcreature' on (null) with params 'acklay'
Wed Mar  5 00:24:53 2025 [1741155893690 msec] (5358 s) Thread 8 - [AdminCommands] INFO - Dakkon used '/createcreature' on (null) with params 'acklay'
Wed Mar  5 00:26:26 2025 [1741155986474 msec] (5451 s) Thread 7 - [AdminCommands] INFO - Dakkon used '/createcreature' on (null) with params 'acklay'
Wed Mar  5 00:28:26 2025 [1741156106182 msec] (5571 s) Thread 6 - [AdminCommands] INFO - Dakkon used '/createcreature' on (null) with params 'acklay'
Wed Mar  5 00:29:12 2025 [1741156152366 msec] (5617 s) Thread 3 - [AdminCommands] INFO - Dakkon used '/createcreature' on (null) with params 'acklay'
Wed Mar  5 00:31:54 2025 [1741156314639 msec] (5779 s) Thread 8 - [AdminCommands] INFO - Dakkon used '/createcreature' on (null) with params 'acklay'
Wed Mar  5 00:32:02 2025 [1741156322761 msec] (5787 s) Thread 8 - [AdminCommands] INFO - Dakkon used '/kill' on Acklay(NPC) with params ''
Wed Mar  5 00:32:07 2025 [1741156327915 msec] (5793 s) Thread 7 - [AdminCommands] INFO - Dakkon used '/createcreature' on (null) with params 'acklay'
Wed Mar  5 00:32:15 2025 [1741156335962 msec] (5801 s) Thread 8 - [AdminCommands] INFO - Dakkon used '/kill' on Acklay(NPC) with params ''
Wed Mar  5 00:32:22 2025 [1741156342670 msec] (5807 s) Thread 6 - [AdminCommands] INFO - Dakkon used '/createcreature' on (null) with params 'acklay'
Wed Mar  5 00:32:28 2025 [1741156348765 msec] (5813 s) Thread 6 - [AdminCommands] INFO - Dakkon used '/kill' on Acklay(NPC) with params ''
Wed Mar  5 00:33:56 2025 [1741156436575 msec] (5901 s) Thread 8 - [AdminCommands] INFO - Dakkon used '/createcreature' on (null) with params 'acklay'
Wed Mar  5 00:34:06 2025 [1741156446233 msec] (5911 s) Thread 5 - [AdminCommands] INFO - Dakkon used '/kill' on Acklay(NPC) with params ''
Wed Mar  5 00:34:13 2025 [1741156453983 msec] (5919 s) Thread 6 - [AdminCommands] INFO - Dakkon used '/createcreature' on (null) with params 'acklay'
Wed Mar  5 00:34:19 2025 [1741156459257 msec] (5924 s) Thread 6 - [AdminCommands] INFO - Dakkon used '/createcreature' on (null) with params 'acklay'
Wed Mar  5 00:34:22 2025 [1741156462298 msec] (5927 s) Thread 4 - [AdminCommands] INFO - Dakkon used '/kill' on Acklay(NPC) with params ''
Wed Mar  5 00:34:39 2025 [1741156479827 msec] (5944 s) Thread 6 - [AdminCommands] INFO - Dakkon used '/kill' on Acklay(NPC) with params ''
Wed Mar  5 00:35:07 2025 [1741156507063 msec] (5972 s) Thread 8 - [AdminCommands] INFO - Dakkon used '/kill' on (null) with params ''
Wed Mar  5 00:35:15 2025 [1741156515128 msec] (5980 s) Thread 10 - [AdminCommands] INFO - Dakkon used '/createcreature' on (null) with params 'acklay'
Wed Mar  5 00:35:16 2025 [1741156516556 msec] (5981 s) Thread 6 - [AdminCommands] INFO - Dakkon used '/createcreature' on (null) with params 'acklay'
Wed Mar  5 00:35:28 2025 [1741156528377 msec] (5993 s) Thread 3 - [AdminCommands] INFO - Dakkon used '/kill' on Acklay(NPC) with params ''
Wed Mar  5 00:35:34 2025 [1741156534243 msec] (5999 s) Thread 9 - [AdminCommands] INFO - Dakkon used '/kill' on Acklay(NPC) with params ''
Wed Mar  5 00:43:29 2025 [1741157009790 msec] (6474 s) Thread 3 - [AdminCommands] INFO - Dakkon used '/createcreature' on (null) with params 'acklay'
Wed Mar  5 00:43:31 2025 [1741157011161 msec] (6476 s) Thread 10 - [AdminCommands] INFO - Dakkon used '/createcreature' on (null) with params 'acklay'
Wed Mar  5 00:43:41 2025 [1741157021585 msec] (6486 s) Thread 8 - [AdminCommands] INFO - Dakkon used '/createcreature' on (null) with params 'acklay'
Wed Mar  5 00:43:43 2025 [1741157023400 msec] (6488 s) Thread 7 - [AdminCommands] INFO - Dakkon used '/createcreature' on (null) with params 'acklay'
Wed Mar  5 00:43:44 2025 [1741157024710 msec] (6489 s) Thread 6 - [AdminCommands] INFO - Dakkon used '/createcreature' on (null) with params 'acklay'
Wed Mar  5 00:44:07 2025 [1741157047547 msec] (6512 s) Thread 6 - [AdminCommands] INFO - Dakkon used '/kill' on Acklay(NPC) with params ''
Wed Mar  5 00:44:19 2025 [1741157059261 msec] (6524 s) Thread 3 - [AdminCommands] INFO - Dakkon used '/kill' on Acklay(NPC) with params ''
Wed Mar  5 00:44:29 2025 [1741157069273 msec] (6534 s) Thread 8 - [AdminCommands] INFO - Dakkon used '/kill' on Acklay(NPC) with params ''
Wed Mar  5 00:44:32 2025 [1741157072875 msec] (6537 s) Thread 7 - [AdminCommands] INFO - Dakkon used '/kill' on Acklay(NPC) with params ''
Wed Mar  5 00:44:35 2025 [1741157075248 msec] (6540 s) Thread 10 - [AdminCommands] INFO - Dakkon used '/kill' on Acklay(NPC) with params ''
Wed Mar  5 00:44:54 2025 [1741157094774 msec] (6559 s) Thread 5 - [AdminCommands] INFO - Dakkon used '/kill' on (null) with params ''
Wed Mar  5 00:44:56 2025 [1741157096457 msec] (6561 s) Thread 4 - [AdminCommands] INFO - Dakkon used '/createcreature' on (null) with params 'acklay'
Wed Mar  5 00:45:14 2025 [1741157114728 msec] (6579 s) Thread 3 - [AdminCommands] INFO - Dakkon used '/kill' on Acklay(NPC) with params ''
Wed Mar  5 00:50:20 2025 [1741157420429 msec] (6885 s) Thread 3 - [AdminCommands] INFO - Dakkon used '/createcreature' on (null) with params 'acklay'
Wed Mar  5 00:50:32 2025 [1741157432380 msec] (6897 s) Thread 3 - [AdminCommands] INFO - Dakkon used '/kill' on Acklay(NPC) with params ''
Wed Mar  5 00:50:53 2025 [1741157453970 msec] (6919 s) Thread 3 - [AdminCommands] INFO - Dakkon used '/createcreature' on (null) with params 'acklay'
Wed Mar  5 00:51:05 2025 [1741157465043 msec] (6930 s) Thread 5 - [AdminCommands] INFO - Dakkon used '/kill' on Acklay(NPC) with params ''
Wed Mar  5 00:51:10 2025 [1741157470570 msec] (6935 s) Thread 7 - [AdminCommands] INFO - Dakkon used '/createcreature' on (null) with params 'acklay'
Wed Mar  5 00:51:20 2025 [1741157480619 msec] (6945 s) Thread 8 - [AdminCommands] INFO - Dakkon used '/kill' on Acklay(NPC) with params ''
Wed Mar  5 00:51:30 2025 [1741157490669 msec] (6955 s) Thread 4 - [AdminCommands] INFO - Dakkon used '/createcreature' on (null) with params 'acklay'
Wed Mar  5 00:51:49 2025 [1741157509787 msec] (6974 s) Thread 6 - [AdminCommands] INFO - Dakkon used '/kill' on Acklay(NPC) with params ''
Wed Mar  5 00:52:00 2025 [1741157520652 msec] (6985 s) Thread 10 - [AdminCommands] INFO - Dakkon used '/createcreature' on (null) with params 'acklay'
Wed Mar  5 00:53:14 2025 [1741157594857 msec] (7059 s) Thread 6 - [AdminCommands] INFO - Dakkon used '/kill' on Acklay(NPC) with params ''
Wed Mar  5 00:54:50 2025 [1741157690504 msec] (7155 s) Thread 9 - [AdminCommands] INFO - Dakkon used '/createcreature' on (null) with params 'acklay'
Wed Mar  5 00:54:59 2025 [1741157699314 msec] (7164 s) Thread 5 - [AdminCommands] INFO - Dakkon used '/kill' on Acklay(NPC) with params ''
Wed Mar  5 00:55:13 2025 [1741157713372 msec] (7178 s) Thread 3 - [AdminCommands] INFO - Dakkon used '/createcreature' on (null) with params 'acklay'
Wed Mar  5 00:55:21 2025 [1741157721840 msec] (7186 s) Thread 3 - [AdminCommands] INFO - Dakkon used '/kill' on Acklay(NPC) with params ''
Wed Mar  5 00:55:49 2025 [1741157749051 msec] (7214 s) Thread 9 - [AdminCommands] INFO - Dakkon used '/createcreature' on (null) with params 'acklay'
Wed Mar  5 00:56:00 2025 [1741157760205 msec] (7225 s) Thread 3 - [AdminCommands] INFO - Dakkon used '/kill' on Acklay(NPC) with params ''
Wed Mar  5 00:56:41 2025 [1741157801354 msec] (7266 s) Thread 3 - [AdminCommands] INFO - Dakkon used '/kill' on Acklay(NPC) with params ''
Wed Mar  5 00:56:59 2025 [1741157819005 msec] (7284 s) Thread 5 - [AdminCommands] INFO - Dakkon used '/createcreature' on (null) with params 'acklay'
Wed Mar  5 00:57:03 2025 [1741157823324 msec] (7288 s) Thread 6 - [AdminCommands] INFO - Dakkon used '/kill' on Acklay(NPC) with params ''
Wed Mar  5 00:57:17 2025 [1741157837211 msec] (7302 s) Thread 3 - [AdminCommands] INFO - Dakkon used '/createcreature' on (null) with params 'acklay'
Wed Mar  5 00:58:01 2025 [1741157881431 msec] (7346 s) Thread 7 - [AdminCommands] INFO - Dakkon used '/kill' on Acklay(NPC) with params ''
Wed Mar  5 00:58:08 2025 [1741157888565 msec] (7353 s) Thread 10 - [AdminCommands] INFO - Dakkon used '/createcreature' on (null) with params 'acklay'
Wed Mar  5 00:58:14 2025 [1741157894317 msec] (7359 s) Thread 3 - [AdminCommands] INFO - Dakkon used '/kill' on Acklay(NPC) with params ''
Wed Mar  5 00:58:20 2025 [1741157900722 msec] (7365 s) Thread 7 - [AdminCommands] INFO - Dakkon used '/createcreature' on (null) with params 'acklay'
Wed Mar  5 00:58:28 2025 [1741157908737 msec] (7373 s) Thread 9 - [AdminCommands] INFO - Dakkon used '/kill' on Acklay(NPC) with params ''
Wed Mar  5 00:58:43 2025 [1741157923230 msec] (7388 s) Thread 7 - [AdminCommands] INFO - Dakkon used '/createcreature' on (null) with params 'acklay'
Wed Mar  5 00:58:53 2025 [1741157933575 msec] (7398 s) Thread 3 - [AdminCommands] INFO - Dakkon used '/kill' on Acklay(NPC) with params ''
Wed Mar  5 00:59:01 2025 [1741157941831 msec] (7406 s) Thread 5 - [AdminCommands] INFO - Dakkon used '/createcreature' on (null) with params 'acklay'
Wed Mar  5 00:59:06 2025 [1741157946767 msec] (7411 s) Thread 5 - [AdminCommands] INFO - Dakkon used '/kill' on Acklay(NPC) with params ''
Wed Mar  5 00:59:12 2025 [1741157952085 msec] (7417 s) Thread 9 - [AdminCommands] INFO - Dakkon used '/createcreature' on (null) with params 'acklay'
Wed Mar  5 00:59:25 2025 [1741157965733 msec] (7430 s) Thread 10 - [AdminCommands] INFO - Dakkon used '/kill' on Acklay(NPC) with params ''
Wed Mar  5 01:08:16 2025 [1741158496611 msec] (7961 s) Thread 8 - [AdminCommands] INFO - Dakkon used '/createcreature' on (null) with params 'acklay'
Wed Mar  5 01:08:20 2025 [1741158500868 msec] (7965 s) Thread 10 - [AdminCommands] INFO - Dakkon used '/kill' on Acklay(NPC) with params ''
Wed Mar  5 01:08:31 2025 [1741158511664 msec] (7976 s) Thread 3 - [AdminCommands] INFO - Dakkon used '/createcreature' on (null) with params 'acklay'
Wed Mar  5 01:08:49 2025 [1741158529289 msec] (7994 s) Thread 10 - [AdminCommands] INFO - Dakkon used '/kill' on Acklay(NPC) with params ''
Wed Mar  5 01:08:56 2025 [1741158536384 msec] (8001 s) Thread 6 - [AdminCommands] INFO - Dakkon used '/createcreature' on (null) with params 'acklay'
Wed Mar  5 01:09:03 2025 [1741158543394 msec] (8008 s) Thread 8 - [AdminCommands] INFO - Dakkon used '/kill' on Acklay(NPC) with params ''
Wed Mar  5 01:09:10 2025 [1741158550164 msec] (8015 s) Thread 7 - [AdminCommands] INFO - Dakkon used '/createcreature' on (null) with params 'acklay'
Wed Mar  5 01:09:12 2025 [1741158552996 msec] (8018 s) Thread 10 - [AdminCommands] INFO - Dakkon used '/kill' on (null) with params ''
Wed Mar  5 01:09:21 2025 [1741158561305 msec] (8026 s) Thread 6 - [AdminCommands] INFO - Dakkon used '/kill' on Acklay(NPC) with params ''
Wed Mar  5 01:23:01 2025 [1741159381936 msec] (8847 s) Thread 6 - [AdminCommands] INFO - Dakkon used '/createcreature' on (null) with params 'acklay'
Wed Mar  5 01:23:12 2025 [1741159392798 msec] (8857 s) Thread 5 - [AdminCommands] INFO - Dakkon used '/kill' on Acklay(NPC) with params ''
Wed Mar  5 01:23:52 2025 [1741159432517 msec] (8897 s) Thread 6 - [AdminCommands] INFO - Dakkon used '/goto' on (null) with params 'lab'
Wed Mar  5 01:25:30 2025 [1741159530734 msec] (8995 s) Thread 10 - [AdminCommands] INFO - Dakkon used '/goto' on (null) with params 'dan'
Wed Mar  5 01:25:48 2025 [1741159548985 msec] (9014 s) Thread 4 - [AdminCommands] INFO - Dakkon used '/goto' on (null) with params 'jan'
Wed Mar  5 01:37:23 2025 [1741160243098 msec] (9708 s) Thread 6 - [AdminCommands] INFO - Dakkon used '/createcreature' on (null) with params 'janta_clan_leader'
Wed Mar  5 01:37:28 2025 [1741160248370 msec] (9713 s) Thread 10 - [AdminCommands] INFO - Dakkon used '/createcreature' on (null) with params 'janta_clan_leader'
Wed Mar  5 01:37:33 2025 [1741160253883 msec] (9719 s) Thread 6 - [AdminCommands] INFO - Dakkon used '/createcreature' on (null) with params 'janta_clan_leader'
Wed Mar  5 01:37:35 2025 [1741160255494 msec] (9720 s) Thread 10 - [AdminCommands] INFO - Dakkon used '/createcreature' on (null) with params 'janta_clan_leader'
Wed Mar  5 01:37:36 2025 [1741160256374 msec] (9721 s) Thread 3 - [AdminCommands] INFO - Dakkon used '/createcreature' on (null) with params 'janta_clan_leader'
Wed Mar  5 01:37:37 2025 [1741160257653 msec] (9722 s) Thread 8 - [AdminCommands] INFO - Dakkon used '/createcreature' on (null) with params 'janta_clan_leader'
Wed Mar  5 01:37:38 2025 [1741160258800 msec] (9723 s) Thread 10 - [AdminCommands] INFO - Dakkon used '/createcreature' on (null) with params 'janta_clan_leader'
Wed Mar  5 01:37:39 2025 [1741160259813 msec] (9724 s) Thread 4 - [AdminCommands] INFO - Dakkon used '/createcreature' on (null) with params 'janta_clan_leader'
Wed Mar  5 01:37:41 2025 [1741160261031 msec] (9726 s) Thread 10 - [AdminCommands] INFO - Dakkon used '/createcreature' on (null) with params 'janta_clan_leader'
Wed Mar  5 01:37:41 2025 [1741160261962 msec] (9727 s) Thread 3 - [AdminCommands] INFO - Dakkon used '/createcreature' on (null) with params 'janta_clan_leader'
Wed Mar  5 01:37:43 2025 [1741160263039 msec] (9728 s) Thread 5 - [AdminCommands] INFO - Dakkon used '/createcreature' on (null) with params 'janta_clan_leader'
Wed Mar  5 01:37:43 2025 [1741160263916 msec] (9729 s) Thread 4 - [AdminCommands] INFO - Dakkon used '/createcreature' on (null) with params 'janta_clan_leader'
Wed Mar  5 01:37:44 2025 [1741160264458 msec] (9729 s) Thread 8 - [AdminCommands] INFO - Dakkon used '/createcreature' on (null) with params 'janta_clan_leader'
Wed Mar  5 01:37:44 2025 [1741160264865 msec] (9729 s) Thread 9 - [AdminCommands] INFO - Dakkon used '/createcreature' on (null) with params 'janta_clan_leader'
Wed Mar  5 01:40:09 2025 [1741160409441 msec] (9874 s) Thread 3 - [AdminCommands] INFO - Dakkon used '/createcreature' on (null) with params 'janta_clan_leader 10'
Wed Mar  5 01:40:15 2025 [1741160415105 msec] (9880 s) Thread 3 - [AdminCommands] INFO - Dakkon used '/createcreature' on (null) with params 'janta_clan_leader'
Wed Mar  5 01:40:16 2025 [1741160416796 msec] (9881 s) Thread 3 - [AdminCommands] INFO - Dakkon used '/createcreature' on (null) with params 'janta_clan_leader'
Wed Mar  5 01:40:19 2025 [1741160419763 msec] (9884 s) Thread 10 - [AdminCommands] INFO - Dakkon used '/createcreature' on (null) with params 'janta_clan_leader'
Wed Mar  5 01:40:21 2025 [1741160421840 msec] (9886 s) Thread 9 - [AdminCommands] INFO - Dakkon used '/createcreature' on (null) with params 'janta_clan_leader'
Wed Mar  5 01:40:23 2025 [1741160423047 msec] (9888 s) Thread 6 - [AdminCommands] INFO - Dakkon used '/createcreature' on (null) with params 'janta_clan_leader'
Wed Mar  5 01:40:25 2025 [1741160425003 msec] (9890 s) Thread 8 - [AdminCommands] INFO - Dakkon used '/createcreature' on (null) with params 'janta_clan_leader'
Wed Mar  5 01:40:25 2025 [1741160425952 msec] (9891 s) Thread 9 - [AdminCommands] INFO - Dakkon used '/createcreature' on (null) with params 'janta_clan_leader'
Wed Mar  5 01:40:26 2025 [1741160426690 msec] (9891 s) Thread 9 - [AdminCommands] INFO - Dakkon used '/createcreature' on (null) with params 'janta_clan_leader'
Wed Mar  5 01:40:27 2025 [1741160427830 msec] (9892 s) Thread 4 - [AdminCommands] INFO - Dakkon used '/createcreature' on (null) with params 'janta_clan_leader'
Wed Mar  5 01:40:28 2025 [1741160428506 msec] (9893 s) Thread 6 - [AdminCommands] INFO - Dakkon used '/createcreature' on (null) with params 'janta_clan_leader'
Wed Mar  5 01:40:29 2025 [1741160429519 msec] (9894 s) Thread 9 - [AdminCommands] INFO - Dakkon used '/createcreature' on (null) with params 'janta_clan_leader'
Wed Mar  5 01:40:31 2025 [1741160431679 msec] (9896 s) Thread 3 - [AdminCommands] INFO - Dakkon used '/createcreature' on (null) with params 'janta_clan_leader'
Wed Mar  5 01:40:33 2025 [1741160433697 msec] (9898 s) Thread 7 - [AdminCommands] INFO - Dakkon used '/createcreature' on (null) with params 'janta_clan_leader'
Wed Mar  5 01:40:35 2025 [1741160435177 msec] (9900 s) Thread 6 - [AdminCommands] INFO - Dakkon used '/createcreature' on (null) with params 'janta_clan_leader'
Wed Mar  5 01:40:36 2025 [1741160436254 msec] (9901 s) Thread 9 - [AdminCommands] INFO - Dakkon used '/createcreature' on (null) with params 'janta_clan_leader'
Wed Mar  5 01:40:37 2025 [1741160437599 msec] (9902 s) Thread 9 - [AdminCommands] INFO - Dakkon used '/createcreature' on (null) with params 'janta_clan_leader'
Wed Mar  5 01:40:38 2025 [1741160438882 msec] (9904 s) Thread 10 - [AdminCommands] INFO - Dakkon used '/createcreature' on (null) with params 'janta_clan_leader'
Wed Mar  5 01:40:40 2025 [1741160440031 msec] (9905 s) Thread 9 - [AdminCommands] INFO - Dakkon used '/createcreature' on (null) with params 'janta_clan_leader'
Wed Mar  5 01:40:41 2025 [1741160441180 msec] (9906 s) Thread 10 - [AdminCommands] INFO - Dakkon used '/createcreature' on (null) with params 'janta_clan_leader'
Wed Mar  5 01:40:42 2025 [1741160442320 msec] (9907 s) Thread 8 - [AdminCommands] INFO - Dakkon used '/createcreature' on (null) with params 'janta_clan_leader'
Wed Mar  5 01:40:43 2025 [1741160443464 msec] (9908 s) Thread 10 - [AdminCommands] INFO - Dakkon used '/createcreature' on (null) with params 'janta_clan_leader'
Wed Mar  5 01:40:44 2025 [1741160444541 msec] (9909 s) Thread 5 - [AdminCommands] INFO - Dakkon used '/createcreature' on (null) with params 'janta_clan_leader'
Wed Mar  5 01:44:18 2025 [1741160658434 msec] (10123 s) Thread 8 - [AdminCommands] INFO - Dakkon used '/goto' on (null) with params 'small'
Wed Mar  5 04:19:57 2025 [1741169997508 msec] (19462 s) Thread 4 - [AdminCommands] INFO - Sebava Koefa used '/setname' on Sebava Koefa(Player) with params 'Revan'
Wed Mar  5 04:20:07 2025 [1741170007616 msec] (19472 s) Thread 7 - [AdminCommands] INFO - Sebava Koefa used '/setfirstname' on Sebava Koefa(Player) with params 'Revan'
Wed Mar  5 04:20:36 2025 [1741170036396 msec] (19501 s) Thread 5 - [AdminCommands] INFO - Revan Koefa used '/setlastname' on Revan Koefa(Player) with params ''
Wed Mar  5 07:20:16 2025 [1741180816907 msec] (2650 s) Thread 6 - [AdminCommands] WARNING - Rifa attempted to use the '/remote' command without permissions
Wed Mar  5 07:24:48 2025 [1741181088498 msec] (2921 s) Thread 9 - [AdminCommands] INFO - Rhaso Yabi used '/object' on (null) with params 'createitem object/tangible/terminal/terminal_character_builder.iff'
Wed Mar  5 07:27:02 2025 [1741181222399 msec] (3055 s) Thread 7 - [AdminCommands] INFO - Rhaso Yabi used '/invulnerable' on (null) with params ''
Wed Mar  5 07:29:50 2025 [1741181390583 msec] (3223 s) Thread 9 - [AdminCommands] INFO - Rhaso Yabi used '/setspeed' on (null) with params '10'
Wed Mar  5 07:34:40 2025 [1741181680235 msec] (3513 s) Thread 6 - [AdminCommands] WARNING - Rhaso Yabi attempted to use the '/remote' command without permissions
Wed Mar  5 07:47:44 2025 [1741182464484 msec] (487 s) Thread 5 - [AdminCommands] INFO - Rhaso Yabi used '/kill' on a krayt dragon ancient(NPC) with params ''
Wed Mar  5 07:49:48 2025 [1741182588585 msec] (611 s) Thread 5 - [AdminCommands] INFO - Rhaso Yabi used '/kill' on a canyon krayt dragon(NPC) with params ''
Wed Mar  5 07:52:14 2025 [1741182734490 msec] (757 s) Thread 4 - [AdminCommands] INFO - Rhaso Yabi used '/object' on (null) with params 'spawn object/tangible/faction_perk/imperial_stock.iff 10'
Wed Mar  5 07:52:27 2025 [1741182747198 msec] (770 s) Thread 8 - [AdminCommands] INFO - Rhaso Yabi used '/kill' on a grand krayt dragon(NPC) with params ''
Wed Mar  5 07:54:16 2025 [1741182856442 msec] (879 s) Thread 7 - [AdminCommands] INFO - Row'ena used '/object' on (null) with params 'createitem object/tangible/terminal/terminal_character_builder.iff'
Wed Mar  5 07:54:43 2025 [1741182883491 msec] (906 s) Thread 4 - [AdminCommands] INFO - Row'ena used '/credits' on (null) with params ''
Wed Mar  5 07:55:05 2025 [1741182905592 msec] (928 s) Thread 5 - [AdminCommands] INFO - Row'ena used '/credits' on Row'ena(Player) with params 'add 100000 bank'
Wed Mar  5 07:56:08 2025 [1741182968316 msec] (991 s) Thread 7 - [AdminCommands] INFO - Rhaso Yabi used '/object' on (null) with params 'spawn Imperial Stick 10'
Wed Mar  5 07:56:57 2025 [1741183017526 msec] (1040 s) Thread 3 - [AdminCommands] INFO - Rhaso Yabi used '/object' on (null) with params 'createitem object/tangible/faction_perk/imperial_stock.iff'
Wed Mar  5 07:57:27 2025 [1741183047098 msec] (1070 s) Thread 5 - [AdminCommands] INFO - Dakkon used '/goto' on an adolescent krayt dragon(NPC) with params ''
Wed Mar  5 07:57:31 2025 [1741183051864 msec] (1074 s) Thread 3 - [AdminCommands] INFO - Dakkon used '/goto' on Character Builder Terminal (System Generated)(NPC) with params 'anc'
Wed Mar  5 07:57:52 2025 [1741183072845 msec] (1095 s) Thread 8 - [AdminCommands] INFO - Rhaso Yabi used '/kill' on a krayt dragon ancient(NPC) with params ''
Wed Mar  5 07:59:31 2025 [1741183171233 msec] (1194 s) Thread 6 - [AdminCommands] INFO - Dakkon used '/invulnerable' on (null) with params ''
Wed Mar  5 07:59:33 2025 [1741183173514 msec] (1196 s) Thread 8 - [AdminCommands] INFO - Dakkon used '/invulnerable' on (null) with params ''
Wed Mar  5 07:59:42 2025 [1741183182745 msec] (1205 s) Thread 6 - [AdminCommands] INFO - Dakkon used '/goto' on (null) with params 'night'
Wed Mar  5 08:01:16 2025 [1741183276572 msec] (1299 s) Thread 6 - [AdminCommands] INFO - Dakkon used '/emptymailtarget' on (null) with params ''
Wed Mar  5 08:03:38 2025 [1741183418638 msec] (1441 s) Thread 10 - [AdminCommands] INFO - Row'ena used '/credits' on Row'ena(Player) with params 'add 1000000000 bank'
Wed Mar  5 08:03:42 2025 [1741183422922 msec] (1445 s) Thread 7 - [AdminCommands] INFO - Dakkon used '/kill' on Laki (a Nightsister protector)(NPC) with params ''
Wed Mar  5 08:03:44 2025 [1741183424542 msec] (1447 s) Thread 7 - [AdminCommands] INFO - Dakkon used '/kill' on Laki (a Nightsister protector)(NPC) with params ''
Wed Mar  5 08:07:34 2025 [1741183654326 msec] (1677 s) Thread 6 - [AdminCommands] INFO - Rhaso Yabi used '/setspeed' on (null) with params '10'
Wed Mar  5 08:07:54 2025 [1741183674377 msec] (1697 s) Thread 6 - [AdminCommands] INFO - Dakkon used '/createcreature' on (null) with params 'axkva'
Wed Mar  5 08:08:26 2025 [1741183706265 msec] (1729 s) Thread 3 - [AdminCommands] INFO - Dakkon used '/createcreature' on (null) with params 'axkva_min'
Wed Mar  5 08:08:57 2025 [1741183737767 msec] (1760 s) Thread 8 - [AdminCommands] INFO - Dakkon used '/createcreature' on (null) with params 'axkva_min'
Wed Mar  5 08:09:09 2025 [1741183749344 msec] (1772 s) Thread 7 - [AdminCommands] INFO - Dakkon used '/kill' on Axkva Min(NPC) with params ''
Wed Mar  5 08:09:44 2025 [1741183784966 msec] (1807 s) Thread 9 - [AdminCommands] INFO - Dakkon used '/kill' on Axkva Min(NPC) with params ''
Wed Mar  5 08:10:26 2025 [1741183826450 msec] (1849 s) Thread 3 - [AdminCommands] INFO - Rhaso Yabi used '/kill' on a canyon krayt dragon(NPC) with params ''
Wed Mar  5 08:11:02 2025 [1741183862722 msec] (1885 s) Thread 9 - [AdminCommands] INFO - Dakkon used '/createcreature' on (null) with params 'axkva_min'
Wed Mar  5 08:11:41 2025 [1741183901064 msec] (1924 s) Thread 3 - [AdminCommands] INFO - Dakkon used '/kill' on Axkva Min(NPC) with params ''
Wed Mar  5 08:11:54 2025 [1741183914209 msec] (1937 s) Thread 4 - [AdminCommands] INFO - Dakkon used '/createcreature' on (null) with params 'axkva_min'
Wed Mar  5 08:12:13 2025 [1741183933913 msec] (1956 s) Thread 5 - [AdminCommands] INFO - Dakkon used '/createcreature' on (null) with params 'axkva_min'
Wed Mar  5 08:12:16 2025 [1741183936609 msec] (1959 s) Thread 7 - [AdminCommands] INFO - Dakkon used '/createcreature' on (null) with params 'axkva_min'
Wed Mar  5 08:12:19 2025 [1741183939299 msec] (1962 s) Thread 7 - [AdminCommands] INFO - Dakkon used '/kill' on Axkva Min(NPC) with params ''
Wed Mar  5 08:14:32 2025 [1741184072685 msec] (2095 s) Thread 5 - [AdminCommands] INFO - Dakkon used '/kill' on Axkva Min(NPC) with params ''
Wed Mar  5 08:14:55 2025 [1741184095411 msec] (2118 s) Thread 4 - [AdminCommands] INFO - Dakkon used '/kill' on Axkva Min(NPC) with params ''
Wed Mar  5 08:15:18 2025 [1741184118078 msec] (2141 s) Thread 10 - [AdminCommands] INFO - Dakkon used '/goto' on Nightsister crystal(NPC) with params ''
Wed Mar  5 08:15:22 2025 [1741184122918 msec] (2145 s) Thread 7 - [AdminCommands] INFO - Dakkon used '/goto' on Nightsister crystal(NPC) with params ''
Wed Mar  5 08:15:44 2025 [1741184144471 msec] (2167 s) Thread 9 - [AdminCommands] INFO - Dakkon used '/goto' on Nightsister crystal(NPC) with params ''
Wed Mar  5 08:18:16 2025 [1741184296547 msec] (2319 s) Thread 9 - [AdminCommands] INFO - Dakkon used '/goto' on Nightsister crystal(NPC) with params ''
Wed Mar  5 08:18:32 2025 [1741184312892 msec] (2335 s) Thread 4 - [AdminCommands] INFO - Dakkon used '/goto' on Bico Aba (a Nightsister sentinel)(NPC) with params 'small'
Wed Mar  5 08:18:39 2025 [1741184319766 msec] (2342 s) Thread 4 - [AdminCommands] INFO - Rhaso Yabi used '/kill' on a krayt dragon ancient(NPC) with params ''
Wed Mar  5 08:18:50 2025 [1741184330062 msec] (2353 s) Thread 3 - [AdminCommands] INFO - Dakkon used '/goto' on (null) with params 'night'
Wed Mar  5 08:19:14 2025 [1741184354736 msec] (2377 s) Thread 9 - [AdminCommands] INFO - Dakkon used '/createcreature' on (null) with params 'axkva_min'
Wed Mar  5 08:19:37 2025 [1741184377585 msec] (2400 s) Thread 6 - [AdminCommands] INFO - Dakkon used '/kill' on Axkva Min(NPC) with params ''
Wed Mar  5 08:22:16 2025 [1741184536702 msec] (2559 s) Thread 6 - [AdminCommands] INFO - Rhaso Yabi used '/kill' on a krayt dragon ancient(NPC) with params ''
Wed Mar  5 08:26:19 2025 [1741184779635 msec] (2802 s) Thread 10 - [AdminCommands] INFO - Dakkon used '/createcreature' on (null) with params 'axkva_min'
Wed Mar  5 08:26:28 2025 [1741184788263 msec] (2811 s) Thread 4 - [AdminCommands] INFO - Rhaso Yabi used '/kill' on an adolescent krayt dragon(NPC) with params ''
Wed Mar  5 08:26:55 2025 [1741184815075 msec] (2838 s) Thread 10 - [AdminCommands] INFO - Dakkon used '/kill' on Axkva Min(NPC) with params ''
Wed Mar  5 08:27:15 2025 [1741184835817 msec] (2858 s) Thread 8 - [AdminCommands] INFO - Dakkon used '/createcreature' on (null) with params 'axkva_min'
Wed Mar  5 08:27:30 2025 [1741184850561 msec] (2873 s) Thread 10 - [AdminCommands] INFO - Dakkon used '/kill' on Axkva Min(NPC) with params ''
Wed Mar  5 08:27:51 2025 [1741184871527 msec] (2894 s) Thread 7 - [AdminCommands] INFO - Dakkon used '/createcreature' on (null) with params 'axkva_min'
Wed Mar  5 08:28:06 2025 [1741184886029 msec] (2909 s) Thread 6 - [AdminCommands] INFO - Dakkon used '/kill' on Axkva Min(NPC) with params ''
Wed Mar  5 08:28:25 2025 [1741184905184 msec] (2928 s) Thread 9 - [AdminCommands] INFO - Dakkon used '/createcreature' on (null) with params 'axkva_min'
Wed Mar  5 08:28:56 2025 [1741184936086 msec] (2959 s) Thread 5 - [AdminCommands] INFO - Dakkon used '/kill' on Axkva Min(NPC) with params ''
Wed Mar  5 08:29:08 2025 [1741184948154 msec] (2971 s) Thread 5 - [AdminCommands] INFO - Dakkon used '/createcreature' on (null) with params 'axkva_min'
Wed Mar  5 08:29:38 2025 [1741184978211 msec] (3001 s) Thread 3 - [AdminCommands] INFO - Dakkon used '/kill' on Axkva Min(NPC) with params ''
Wed Mar  5 08:29:54 2025 [1741184994240 msec] (3017 s) Thread 10 - [AdminCommands] INFO - Dakkon used '/createcreature' on (null) with params 'axkva_min'
Wed Mar  5 08:30:01 2025 [1741185001311 msec] (3024 s) Thread 8 - [AdminCommands] INFO - Dakkon used '/kill' on Axkva Min(NPC) with params ''
Wed Mar  5 08:30:46 2025 [1741185046672 msec] (3069 s) Thread 6 - [AdminCommands] INFO - Dakkon used '/createcreature' on (null) with params 'axkva_min'
Wed Mar  5 08:30:57 2025 [1741185057229 msec] (3080 s) Thread 5 - [AdminCommands] INFO - Dakkon used '/createcreature' on (null) with params 'axkva_min'
Wed Mar  5 08:30:58 2025 [1741185058595 msec] (3081 s) Thread 6 - [AdminCommands] INFO - Dakkon used '/kill' on Axkva Min(NPC) with params ''
Wed Mar  5 08:31:10 2025 [1741185070156 msec] (3093 s) Thread 7 - [AdminCommands] INFO - Dakkon used '/kill' on Axkva Min(NPC) with params ''
Wed Mar  5 08:31:49 2025 [1741185109213 msec] (3132 s) Thread 10 - [AdminCommands] INFO - Dakkon used '/createcreature' on (null) with params 'axkva_min'
Wed Mar  5 08:31:50 2025 [1741185110427 msec] (3133 s) Thread 10 - [AdminCommands] INFO - Dakkon used '/createcreature' on (null) with params 'axkva_min'
Wed Mar  5 08:31:52 2025 [1741185112183 msec] (3135 s) Thread 4 - [AdminCommands] INFO - Dakkon used '/createcreature' on (null) with params 'axkva_min'
Wed Mar  5 08:32:01 2025 [1741185121493 msec] (3144 s) Thread 6 - [AdminCommands] INFO - Rhaso Yabi used '/kill' on a grand krayt dragon(NPC) with params ''
Wed Mar  5 08:32:14 2025 [1741185134001 msec] (3157 s) Thread 6 - [AdminCommands] INFO - Dakkon used '/kill' on Axkva Min(NPC) with params ''
Wed Mar  5 08:32:21 2025 [1741185141657 msec] (3164 s) Thread 7 - [AdminCommands] INFO - Dakkon used '/kill' on Axkva Min(NPC) with params ''
Wed Mar  5 08:32:27 2025 [1741185147461 msec] (3170 s) Thread 3 - [AdminCommands] INFO - Dakkon used '/createcreature' on (null) with params 'axkva_min'
Wed Mar  5 08:32:29 2025 [1741185149486 msec] (3172 s) Thread 5 - [AdminCommands] INFO - Dakkon used '/kill' on Axkva Min(NPC) with params ''
Wed Mar  5 08:33:02 2025 [1741185182411 msec] (3205 s) Thread 4 - [AdminCommands] INFO - Dakkon used '/kill' on Axkva Min(NPC) with params ''
Wed Mar  5 08:36:41 2025 [1741185401862 msec] (3424 s) Thread 8 - [AdminCommands] INFO - Row'ena used '/credits' on Kathandriss(Player) with params 'add 1000000000 bank'
Wed Mar  5 08:37:00 2025 [1741185420871 msec] (3443 s) Thread 3 - [AdminCommands] INFO - Rhaso Yabi used '/kill' on a juvenile canyon krayt dragon(NPC) with params ''
Wed Mar  5 08:37:14 2025 [1741185434341 msec] (3457 s) Thread 4 - [AdminCommands] INFO - Dakkon used '/goto' on (null) with params 'small'
Wed Mar  5 08:37:36 2025 [1741185456332 msec] (3479 s) Thread 8 - [AdminCommands] INFO - Row'ena used '/object' on (null) with params 'createresource Carbyuwy 100000'
Wed Mar  5 08:37:50 2025 [1741185470445 msec] (3493 s) Thread 3 - [AdminCommands] INFO - Rhaso Yabi used '/setspeed' on (null) with params '10'
Wed Mar  5 08:37:53 2025 [1741185473089 msec] (3496 s) Thread 7 - [AdminCommands] INFO - Row'ena used '/object' on (null) with params 'createresource Dozu 100000'
Wed Mar  5 08:38:28 2025 [1741185508744 msec] (3531 s) Thread 3 - [AdminCommands] INFO - Row'ena used '/object' on (null) with params 'createresource Carbawuwho 100000'
Wed Mar  5 08:39:13 2025 [1741185553389 msec] (3576 s) Thread 9 - [AdminCommands] INFO - Rhaso Yabi used '/setspeed' on a juvenile canyon krayt dragon(NPC) with params '10'
Wed Mar  5 08:39:15 2025 [1741185555302 msec] (3578 s) Thread 10 - [AdminCommands] INFO - Rhaso Yabi used '/kill' on a juvenile canyon krayt dragon(NPC) with params ''
Wed Mar  5 08:39:24 2025 [1741185564232 msec] (3587 s) Thread 5 - [AdminCommands] INFO - Dakkon used '/kill' on an adolescent krayt dragon(NPC) with params ''
Wed Mar  5 08:41:22 2025 [1741185682788 msec] (3705 s) Thread 10 - [AdminCommands] INFO - Rhaso Yabi used '/kill' on an adolescent krayt dragon(NPC) with params ''
Wed Mar  5 08:43:35 2025 [1741185815811 msec] (3838 s) Thread 3 - [AdminCommands] INFO - Row'ena used '/object' on (null) with params 'createresource Yalyijite 100000'
Wed Mar  5 08:48:18 2025 [1741186098669 msec] (4121 s) Thread 8 - [AdminCommands] INFO - Rhaso Yabi used '/kill' on a canyon krayt dragon(NPC) with params ''
