Tue Mar  4 21:18:20 2025 [1741144700552 msec] (36 s) Thread 2 - [LuaEventLogger] INFO - CriesofAlderaan: determine Winning Faction -- Set Winning Faction: Rebel 370444368 scheduling to re-check in 604800 seconds. - Function: determineWinningFaction  Source: @scripts/screenplays/events/coa/coa.lua  Line: 104
Tue Mar  4 21:18:25 2025 [1741144705323 msec] (40 s) Thread 2 - [LuaEventLogger] INFO - Hero of Tatooine: Rescheduling EXISTING Event for Courage to spawn in 1380000 Event Type: initial - Function: createCourageEvent  Source: @scripts/screenplays/tasks/hero_of_tatooine/heroOfTatooine.lua  Line: 136
Tue Mar  4 21:18:25 2025 [1741144705323 msec] (40 s) Thread 2 - [LuaEventLogger] INFO - Hero of Tatooine: Rescheduling EXISTING Event for Altruism spawn in 1500000 Event Type: initial - Function: createAltruismEvent  Source: @scripts/screenplays/tasks/hero_of_tatooine/heroOfTatooine.lua  Line: 150
Tue Mar  4 21:18:25 2025 [1741144705323 msec] (40 s) Thread 2 - [LuaEventLogger] INFO - Hero of Tatooine: Rescheduling EXISTING Event for Intellect spawn in 1200000 Event Type: initial - Function: createIntellectEvent  Source: @scripts/screenplays/tasks/hero_of_tatooine/heroOfTatooine.lua  Line: 164
Tue Mar  4 21:18:25 2025 [1741144705323 msec] (40 s) Thread 2 - [LuaEventLogger] INFO - Hero of Tatooine: Rescheduling EXISTING Event for Honor spawn in 1320000 Event Type: initial - Function: createHonorEvent  Source: @scripts/screenplays/tasks/hero_of_tatooine/heroOfTatooine.lua  Line: 178
Tue Mar  4 21:18:25 2025 [1741144705347 msec] (40 s) Thread 2 - [LuaEventLogger] INFO - Hero of Tatooine: initRanchHouse - Rancher house initialized. - Function: initRanchHouse  Source: @scripts/screenplays/tasks/hero_of_tatooine/heroOfTatooine.lua  Line: 1057
Tue Mar  4 21:23:48 2025 [1741145028086 msec] (54 s) Thread 2 - [LuaEventLogger] INFO - CriesofAlderaan: determine Winning Faction -- Set Winning Faction: Rebel 370444368 scheduling to re-check in 604800 seconds. - Function: determineWinningFaction  Source: @scripts/screenplays/events/coa/coa.lua  Line: 104
Tue Mar  4 21:23:53 2025 [1741145033105 msec] (59 s) Thread 2 - [LuaEventLogger] INFO - Hero of Tatooine: Rescheduling EXISTING Event for Courage to spawn in 1200000 Event Type: initial - Function: createCourageEvent  Source: @scripts/screenplays/tasks/hero_of_tatooine/heroOfTatooine.lua  Line: 136
Tue Mar  4 21:23:53 2025 [1741145033105 msec] (59 s) Thread 2 - [LuaEventLogger] INFO - Hero of Tatooine: Rescheduling EXISTING Event for Altruism spawn in 1560000 Event Type: initial - Function: createAltruismEvent  Source: @scripts/screenplays/tasks/hero_of_tatooine/heroOfTatooine.lua  Line: 150
Tue Mar  4 21:23:53 2025 [1741145033105 msec] (59 s) Thread 2 - [LuaEventLogger] INFO - Hero of Tatooine: Rescheduling EXISTING Event for Intellect spawn in 1740000 Event Type: initial - Function: createIntellectEvent  Source: @scripts/screenplays/tasks/hero_of_tatooine/heroOfTatooine.lua  Line: 164
Tue Mar  4 21:23:53 2025 [1741145033106 msec] (59 s) Thread 2 - [LuaEventLogger] INFO - Hero of Tatooine: Rescheduling EXISTING Event for Honor spawn in 1260000 Event Type: initial - Function: createHonorEvent  Source: @scripts/screenplays/tasks/hero_of_tatooine/heroOfTatooine.lua  Line: 178
Tue Mar  4 21:23:53 2025 [1741145033130 msec] (59 s) Thread 2 - [LuaEventLogger] INFO - Hero of Tatooine: initRanchHouse - Rancher house initialized. - Function: initRanchHouse  Source: @scripts/screenplays/tasks/hero_of_tatooine/heroOfTatooine.lua  Line: 1057
Tue Mar  4 22:09:34 2025 [1741147774161 msec] (40 s) Thread 2 - [LuaEventLogger] INFO - CriesofAlderaan: determine Winning Faction -- Set Winning Faction: Rebel 370444368 scheduling to re-check in 604800 seconds. - Function: determineWinningFaction  Source: @scripts/screenplays/events/coa/coa.lua  Line: 104
Tue Mar  4 22:09:37 2025 [1741147777937 msec] (43 s) Thread 2 - [LuaEventLogger] INFO - Hero of Tatooine: Rescheduling EXISTING Event for Courage to spawn in 1320000 Event Type: initial - Function: createCourageEvent  Source: @scripts/screenplays/tasks/hero_of_tatooine/heroOfTatooine.lua  Line: 136
Tue Mar  4 22:09:37 2025 [1741147777937 msec] (43 s) Thread 2 - [LuaEventLogger] INFO - Hero of Tatooine: Rescheduling EXISTING Event for Altruism spawn in 1740000 Event Type: initial - Function: createAltruismEvent  Source: @scripts/screenplays/tasks/hero_of_tatooine/heroOfTatooine.lua  Line: 150
Tue Mar  4 22:09:37 2025 [1741147777938 msec] (43 s) Thread 2 - [LuaEventLogger] INFO - Hero of Tatooine: Rescheduling EXISTING Event for Intellect spawn in 1320000 Event Type: initial - Function: createIntellectEvent  Source: @scripts/screenplays/tasks/hero_of_tatooine/heroOfTatooine.lua  Line: 164
Tue Mar  4 22:09:37 2025 [1741147777938 msec] (43 s) Thread 2 - [LuaEventLogger] INFO - Hero of Tatooine: Rescheduling EXISTING Event for Honor spawn in 1260000 Event Type: initial - Function: createHonorEvent  Source: @scripts/screenplays/tasks/hero_of_tatooine/heroOfTatooine.lua  Line: 178
Tue Mar  4 22:09:37 2025 [1741147777971 msec] (43 s) Thread 2 - [LuaEventLogger] INFO - Hero of Tatooine: initRanchHouse - Rancher house initialized. - Function: initRanchHouse  Source: @scripts/screenplays/tasks/hero_of_tatooine/heroOfTatooine.lua  Line: 1057
Tue Mar  4 22:17:15 2025 [1741148235182 msec] (38 s) Thread 2 - [LuaEventLogger] INFO - CriesofAlderaan: determine Winning Faction -- Set Winning Faction: Rebel 370444368 scheduling to re-check in 604800 seconds. - Function: determineWinningFaction  Source: @scripts/screenplays/events/coa/coa.lua  Line: 104
Tue Mar  4 22:17:20 2025 [1741148240719 msec] (43 s) Thread 2 - [LuaEventLogger] INFO - Hero of Tatooine: Rescheduling EXISTING Event for Courage to spawn in 1440000 Event Type: initial - Function: createCourageEvent  Source: @scripts/screenplays/tasks/hero_of_tatooine/heroOfTatooine.lua  Line: 136
Tue Mar  4 22:17:20 2025 [1741148240720 msec] (43 s) Thread 2 - [LuaEventLogger] INFO - Hero of Tatooine: Rescheduling EXISTING Event for Altruism spawn in 1680000 Event Type: initial - Function: createAltruismEvent  Source: @scripts/screenplays/tasks/hero_of_tatooine/heroOfTatooine.lua  Line: 150
Tue Mar  4 22:17:20 2025 [1741148240720 msec] (43 s) Thread 2 - [LuaEventLogger] INFO - Hero of Tatooine: Rescheduling EXISTING Event for Intellect spawn in 1440000 Event Type: initial - Function: createIntellectEvent  Source: @scripts/screenplays/tasks/hero_of_tatooine/heroOfTatooine.lua  Line: 164
Tue Mar  4 22:17:20 2025 [1741148240720 msec] (43 s) Thread 2 - [LuaEventLogger] INFO - Hero of Tatooine: Rescheduling EXISTING Event for Honor spawn in 1680000 Event Type: initial - Function: createHonorEvent  Source: @scripts/screenplays/tasks/hero_of_tatooine/heroOfTatooine.lua  Line: 178
Tue Mar  4 22:17:20 2025 [1741148240791 msec] (43 s) Thread 2 - [LuaEventLogger] INFO - Hero of Tatooine: initRanchHouse - Rancher house initialized. - Function: initRanchHouse  Source: @scripts/screenplays/tasks/hero_of_tatooine/heroOfTatooine.lua  Line: 1057
Tue Mar  4 22:41:20 2025 [1741149680731 msec] (1483 s) Thread 3 - [LuaEventLogger] INFO - Hero of Tatooine: doCourageChange complete. Boar Spawned at: -362.2180480957, 4464.3208007812 -  Source: @scripts/screenplays/tasks/hero_of_tatooine/heroOfTatooine.lua  Line: 249
Tue Mar  4 22:41:20 2025 [1741149680732 msec] (1483 s) Thread 3 - [LuaEventLogger] INFO - Hero of Tatooine: Scheduling NEW Event for Courage spawn in 1860000 Event Type: life - Function: createCourageEvent  Source: @scripts/screenplays/tasks/hero_of_tatooine/heroOfTatooine.lua  Line: 140
Tue Mar  4 22:45:20 2025 [1741149920729 msec] (1723 s) Thread 3 - [LuaEventLogger] INFO - Hero of Tatooine: doAltruismChange - Spawned Moisture Farmer at 1941.8549804688, 936.50677490234 Tatooine using base Spawn Point - X: 1839 Y: 966 -  Source: @scripts/screenplays/tasks/hero_of_tatooine/heroOfTatooine.lua  Line: 376
Tue Mar  4 22:45:20 2025 [1741149920730 msec] (1723 s) Thread 3 - [LuaEventLogger] INFO - Hero of Tatooine: Scheduling NEW Event for Altruism spawn in 3540000 Event Type: life - Function: createAltruismEvent  Source: @scripts/screenplays/tasks/hero_of_tatooine/heroOfTatooine.lua  Line: 154
Tue Mar  4 22:45:20 2025 [1741149920759 msec] (1723 s) Thread 4 - [LuaEventLogger] INFO - Hero of Tatooine: doHonorChange - Spawned Pirate Leader at 5317.5336914062, -4303.4990234375 Tatooine using base Spawn Point - X: 5267 Y: -4349 -  Source: @scripts/screenplays/tasks/hero_of_tatooine/heroOfTatooine.lua  Line: 913
Tue Mar  4 22:45:20 2025 [1741149920769 msec] (1723 s) Thread 4 - [LuaEventLogger] INFO - Hero of Tatooine: Scheduling NEW Event for Honor spawn in 3360000 Event Type: life - Function: createHonorEvent  Source: @scripts/screenplays/tasks/hero_of_tatooine/heroOfTatooine.lua  Line: 182
Tue Mar  4 22:56:21 2025 [1741150581733 msec] (46 s) Thread 2 - [LuaEventLogger] INFO - CriesofAlderaan: determine Winning Faction -- Set Winning Faction: Imperial 3679112276 scheduling to re-check in 604800 seconds. - Function: determineWinningFaction  Source: @scripts/screenplays/events/coa/coa.lua  Line: 104
Tue Mar  4 22:56:26 2025 [1741150586616 msec] (51 s) Thread 2 - [LuaEventLogger] INFO - Hero of Tatooine: Rescheduling EXISTING Event for Courage to spawn in 1440000 Event Type: initial - Function: createCourageEvent  Source: @scripts/screenplays/tasks/hero_of_tatooine/heroOfTatooine.lua  Line: 136
Tue Mar  4 22:56:26 2025 [1741150586616 msec] (51 s) Thread 2 - [LuaEventLogger] INFO - Hero of Tatooine: Rescheduling EXISTING Event for Altruism spawn in 1440000 Event Type: initial - Function: createAltruismEvent  Source: @scripts/screenplays/tasks/hero_of_tatooine/heroOfTatooine.lua  Line: 150
Tue Mar  4 22:56:26 2025 [1741150586616 msec] (51 s) Thread 2 - [LuaEventLogger] INFO - Hero of Tatooine: Scheduling NEW Event for Intellect spawn in 1740000 Event Type: initial - Function: createIntellectEvent  Source: @scripts/screenplays/tasks/hero_of_tatooine/heroOfTatooine.lua  Line: 168
Tue Mar  4 22:56:26 2025 [1741150586616 msec] (51 s) Thread 2 - [LuaEventLogger] INFO - Hero of Tatooine: Rescheduling EXISTING Event for Honor spawn in 1560000 Event Type: initial - Function: createHonorEvent  Source: @scripts/screenplays/tasks/hero_of_tatooine/heroOfTatooine.lua  Line: 178
Tue Mar  4 22:56:26 2025 [1741150586618 msec] (51 s) Thread 2 - [LuaEventLogger] INFO - Hero of Tatooine: initRanchHouse - Rancher house initialized. - Function: initRanchHouse  Source: @scripts/screenplays/tasks/hero_of_tatooine/heroOfTatooine.lua  Line: 1057
Tue Mar  4 23:20:26 2025 [1741152026628 msec] (1491 s) Thread 9 - [LuaEventLogger] INFO - Hero of Tatooine: doAltruismChange - Spawned Moisture Farmer at 2524.5, 1333.6173095703 Tatooine using base Spawn Point - X: 2511 Y: 1357 -  Source: @scripts/screenplays/tasks/hero_of_tatooine/heroOfTatooine.lua  Line: 376
Tue Mar  4 23:20:26 2025 [1741152026631 msec] (1491 s) Thread 9 - [LuaEventLogger] INFO - Hero of Tatooine: Scheduling NEW Event for Altruism spawn in 1740000 Event Type: life - Function: createAltruismEvent  Source: @scripts/screenplays/tasks/hero_of_tatooine/heroOfTatooine.lua  Line: 154
Tue Mar  4 23:20:26 2025 [1741152026636 msec] (1491 s) Thread 8 - [LuaEventLogger] INFO - Hero of Tatooine: doCourageChange complete. Boar Spawned at: -938.46765136719, 4498.6240234375 -  Source: @scripts/screenplays/tasks/hero_of_tatooine/heroOfTatooine.lua  Line: 249
Tue Mar  4 23:20:26 2025 [1741152026636 msec] (1491 s) Thread 8 - [LuaEventLogger] INFO - Hero of Tatooine: Scheduling NEW Event for Courage spawn in 3420000 Event Type: life - Function: createCourageEvent  Source: @scripts/screenplays/tasks/hero_of_tatooine/heroOfTatooine.lua  Line: 140
Tue Mar  4 23:22:26 2025 [1741152146653 msec] (1611 s) Thread 4 - [LuaEventLogger] INFO - Hero of Tatooine: doHonorChange - Spawned Pirate Leader at 5985.4223632812, -5242.755859375 Tatooine using base Spawn Point - X: 5966 Y: -5224 -  Source: @scripts/screenplays/tasks/hero_of_tatooine/heroOfTatooine.lua  Line: 913
Tue Mar  4 23:22:26 2025 [1741152146659 msec] (1611 s) Thread 4 - [LuaEventLogger] INFO - Hero of Tatooine: Scheduling NEW Event for Honor spawn in 900000 Event Type: life - Function: createHonorEvent  Source: @scripts/screenplays/tasks/hero_of_tatooine/heroOfTatooine.lua  Line: 182
Tue Mar  4 23:37:26 2025 [1741153046660 msec] (2511 s) Thread 3 - [LuaEventLogger] INFO - Hero of Tatooine: Scheduling NEW Event for Honor spawn in 7680000 Event Type: respawn - Function: createHonorEvent  Source: @scripts/screenplays/tasks/hero_of_tatooine/heroOfTatooine.lua  Line: 182
Tue Mar  4 23:49:26 2025 [1741153766632 msec] (3231 s) Thread 10 - [LuaEventLogger] INFO - Hero of Tatooine: doAltruismChange - Moisture Farmer already spawned, despawning and rescheduling. -  Source: @scripts/screenplays/tasks/hero_of_tatooine/heroOfTatooine.lua  Line: 343
Tue Mar  4 23:49:26 2025 [1741153766633 msec] (3231 s) Thread 10 - [LuaEventLogger] INFO - Hero of Tatooine: Scheduling NEW Event for Altruism spawn in 8460000 Event Type: respawn - Function: createAltruismEvent  Source: @scripts/screenplays/tasks/hero_of_tatooine/heroOfTatooine.lua  Line: 154
Wed Mar  5 00:17:26 2025 [1741155446637 msec] (4911 s) Thread 10 - [LuaEventLogger] INFO - Hero of Tatooine: doCourageChange - Boar is spawned, despawning and rescheduling respawn. -  Source: @scripts/screenplays/tasks/hero_of_tatooine/heroOfTatooine.lua  Line: 214
Wed Mar  5 00:17:26 2025 [1741155446637 msec] (4911 s) Thread 10 - [LuaEventLogger] INFO - Hero of Tatooine: Scheduling NEW Event for Courage spawn in 10380000 Event Type: respawn - Function: createCourageEvent  Source: @scripts/screenplays/tasks/hero_of_tatooine/heroOfTatooine.lua  Line: 140
Wed Mar  5 01:45:26 2025 [1741160726677 msec] (10191 s) Thread 4 - [LuaEventLogger] INFO - Hero of Tatooine: doHonorChange - Spawned Pirate Leader at 5937.3134765625, -5939.8198242188 Tatooine using base Spawn Point - X: 5930 Y: -5933 -  Source: @scripts/screenplays/tasks/hero_of_tatooine/heroOfTatooine.lua  Line: 913
Wed Mar  5 01:45:26 2025 [1741160726684 msec] (10191 s) Thread 4 - [LuaEventLogger] INFO - Hero of Tatooine: Scheduling NEW Event for Honor spawn in 1140000 Event Type: life - Function: createHonorEvent  Source: @scripts/screenplays/tasks/hero_of_tatooine/heroOfTatooine.lua  Line: 182
Wed Mar  5 02:04:26 2025 [1741161866687 msec] (11331 s) Thread 8 - [LuaEventLogger] INFO - Hero of Tatooine: Scheduling NEW Event for Honor spawn in 8820000 Event Type: respawn - Function: createHonorEvent  Source: @scripts/screenplays/tasks/hero_of_tatooine/heroOfTatooine.lua  Line: 182
Wed Mar  5 02:10:26 2025 [1741162226649 msec] (11691 s) Thread 7 - [LuaEventLogger] INFO - Hero of Tatooine: doAltruismChange - Spawned Moisture Farmer at 2446.5966796875, 1415.8239746094 Tatooine using base Spawn Point - X: 2470 Y: 1394 -  Source: @scripts/screenplays/tasks/hero_of_tatooine/heroOfTatooine.lua  Line: 376
Wed Mar  5 02:10:26 2025 [1741162226649 msec] (11691 s) Thread 7 - [LuaEventLogger] INFO - Hero of Tatooine: Scheduling NEW Event for Altruism spawn in 1980000 Event Type: life - Function: createAltruismEvent  Source: @scripts/screenplays/tasks/hero_of_tatooine/heroOfTatooine.lua  Line: 154
Wed Mar  5 02:43:26 2025 [1741164206650 msec] (13671 s) Thread 8 - [LuaEventLogger] INFO - Hero of Tatooine: doAltruismChange - Moisture Farmer already spawned, despawning and rescheduling. -  Source: @scripts/screenplays/tasks/hero_of_tatooine/heroOfTatooine.lua  Line: 343
Wed Mar  5 02:43:26 2025 [1741164206652 msec] (13671 s) Thread 8 - [LuaEventLogger] INFO - Hero of Tatooine: Scheduling NEW Event for Altruism spawn in 6840000 Event Type: respawn - Function: createAltruismEvent  Source: @scripts/screenplays/tasks/hero_of_tatooine/heroOfTatooine.lua  Line: 154
Wed Mar  5 03:10:26 2025 [1741165826651 msec] (15291 s) Thread 10 - [LuaEventLogger] INFO - Hero of Tatooine: doCourageChange complete. Boar Spawned at: -1203.6962890625, 4678.8696289062 -  Source: @scripts/screenplays/tasks/hero_of_tatooine/heroOfTatooine.lua  Line: 249
Wed Mar  5 03:10:26 2025 [1741165826651 msec] (15291 s) Thread 10 - [LuaEventLogger] INFO - Hero of Tatooine: Scheduling NEW Event for Courage spawn in 1020000 Event Type: life - Function: createCourageEvent  Source: @scripts/screenplays/tasks/hero_of_tatooine/heroOfTatooine.lua  Line: 140
Wed Mar  5 03:27:26 2025 [1741166846652 msec] (16311 s) Thread 7 - [LuaEventLogger] INFO - Hero of Tatooine: doCourageChange - Boar is spawned, despawning and rescheduling respawn. -  Source: @scripts/screenplays/tasks/hero_of_tatooine/heroOfTatooine.lua  Line: 214
Wed Mar  5 03:27:26 2025 [1741166846654 msec] (16311 s) Thread 7 - [LuaEventLogger] INFO - Hero of Tatooine: Scheduling NEW Event for Courage spawn in 7140000 Event Type: respawn - Function: createCourageEvent  Source: @scripts/screenplays/tasks/hero_of_tatooine/heroOfTatooine.lua  Line: 140
Wed Mar  5 04:31:26 2025 [1741170686718 msec] (20151 s) Thread 9 - [LuaEventLogger] INFO - Hero of Tatooine: doHonorChange - Spawned Pirate Leader at 6438.0834960938, -5268.0834960938 Tatooine using base Spawn Point - X: 6390 Y: -5220 -  Source: @scripts/screenplays/tasks/hero_of_tatooine/heroOfTatooine.lua  Line: 913
Wed Mar  5 04:31:26 2025 [1741170686725 msec] (20151 s) Thread 9 - [LuaEventLogger] INFO - Hero of Tatooine: Scheduling NEW Event for Honor spawn in 3600000 Event Type: life - Function: createHonorEvent  Source: @scripts/screenplays/tasks/hero_of_tatooine/heroOfTatooine.lua  Line: 182
Wed Mar  5 04:37:26 2025 [1741171046663 msec] (20511 s) Thread 4 - [LuaEventLogger] INFO - Hero of Tatooine: doAltruismChange - Spawned Moisture Farmer at 2163.1779785156, 1283.11328125 Tatooine using base Spawn Point - X: 2168 Y: 1293 -  Source: @scripts/screenplays/tasks/hero_of_tatooine/heroOfTatooine.lua  Line: 376
Wed Mar  5 04:37:26 2025 [1741171046663 msec] (20511 s) Thread 4 - [LuaEventLogger] INFO - Hero of Tatooine: Scheduling NEW Event for Altruism spawn in 2220000 Event Type: life - Function: createAltruismEvent  Source: @scripts/screenplays/tasks/hero_of_tatooine/heroOfTatooine.lua  Line: 154
Wed Mar  5 05:14:26 2025 [1741173266664 msec] (22731 s) Thread 3 - [LuaEventLogger] INFO - Hero of Tatooine: doAltruismChange - Moisture Farmer already spawned, despawning and rescheduling. -  Source: @scripts/screenplays/tasks/hero_of_tatooine/heroOfTatooine.lua  Line: 343
Wed Mar  5 05:14:26 2025 [1741173266664 msec] (22731 s) Thread 3 - [LuaEventLogger] INFO - Hero of Tatooine: Scheduling NEW Event for Altruism spawn in 4500000 Event Type: respawn - Function: createAltruismEvent  Source: @scripts/screenplays/tasks/hero_of_tatooine/heroOfTatooine.lua  Line: 154
Wed Mar  5 05:26:26 2025 [1741173986679 msec] (23451 s) Thread 5 - [LuaEventLogger] INFO - Hero of Tatooine: doCourageChange complete. Boar Spawned at: -475.59371948242, 4975.162109375 -  Source: @scripts/screenplays/tasks/hero_of_tatooine/heroOfTatooine.lua  Line: 249
Wed Mar  5 05:26:26 2025 [1741173986681 msec] (23451 s) Thread 5 - [LuaEventLogger] INFO - Hero of Tatooine: Scheduling NEW Event for Courage spawn in 1440000 Event Type: life - Function: createCourageEvent  Source: @scripts/screenplays/tasks/hero_of_tatooine/heroOfTatooine.lua  Line: 140
Wed Mar  5 05:31:26 2025 [1741174286727 msec] (23751 s) Thread 6 - [LuaEventLogger] INFO - Hero of Tatooine: Scheduling NEW Event for Honor spawn in 9360000 Event Type: respawn - Function: createHonorEvent  Source: @scripts/screenplays/tasks/hero_of_tatooine/heroOfTatooine.lua  Line: 182
Wed Mar  5 05:50:26 2025 [1741175426682 msec] (24891 s) Thread 5 - [LuaEventLogger] INFO - Hero of Tatooine: doCourageChange - Boar is spawned, despawning and rescheduling respawn. -  Source: @scripts/screenplays/tasks/hero_of_tatooine/heroOfTatooine.lua  Line: 214
Wed Mar  5 05:50:26 2025 [1741175426682 msec] (24891 s) Thread 5 - [LuaEventLogger] INFO - Hero of Tatooine: Scheduling NEW Event for Courage spawn in 9840000 Event Type: respawn - Function: createCourageEvent  Source: @scripts/screenplays/tasks/hero_of_tatooine/heroOfTatooine.lua  Line: 140
Wed Mar  5 06:36:52 2025 [1741178212110 msec] (45 s) Thread 2 - [LuaEventLogger] INFO - CriesofAlderaan: determine Winning Faction -- Set Winning Faction: Imperial 3679112276 scheduling to re-check in 604800 seconds. - Function: determineWinningFaction  Source: @scripts/screenplays/events/coa/coa.lua  Line: 104
Wed Mar  5 06:36:56 2025 [1741178216142 msec] (49 s) Thread 2 - [LuaEventLogger] INFO - Hero of Tatooine: Rescheduling EXISTING Event for Courage to spawn in 1680000 Event Type: initial - Function: createCourageEvent  Source: @scripts/screenplays/tasks/hero_of_tatooine/heroOfTatooine.lua  Line: 136
Wed Mar  5 06:36:56 2025 [1741178216142 msec] (49 s) Thread 2 - [LuaEventLogger] INFO - Hero of Tatooine: Rescheduling EXISTING Event for Altruism spawn in 1680000 Event Type: initial - Function: createAltruismEvent  Source: @scripts/screenplays/tasks/hero_of_tatooine/heroOfTatooine.lua  Line: 150
Wed Mar  5 06:36:56 2025 [1741178216143 msec] (49 s) Thread 2 - [LuaEventLogger] INFO - Hero of Tatooine: Scheduling NEW Event for Intellect spawn in 1680000 Event Type: initial - Function: createIntellectEvent  Source: @scripts/screenplays/tasks/hero_of_tatooine/heroOfTatooine.lua  Line: 168
Wed Mar  5 06:36:56 2025 [1741178216143 msec] (49 s) Thread 2 - [LuaEventLogger] INFO - Hero of Tatooine: Rescheduling EXISTING Event for Honor spawn in 1560000 Event Type: initial - Function: createHonorEvent  Source: @scripts/screenplays/tasks/hero_of_tatooine/heroOfTatooine.lua  Line: 178
Wed Mar  5 06:36:56 2025 [1741178216171 msec] (49 s) Thread 2 - [LuaEventLogger] INFO - Hero of Tatooine: initRanchHouse - Rancher house initialized. - Function: initRanchHouse  Source: @scripts/screenplays/tasks/hero_of_tatooine/heroOfTatooine.lua  Line: 1057
Wed Mar  5 07:02:56 2025 [1741179776170 msec] (1609 s) Thread 9 - [LuaEventLogger] INFO - Hero of Tatooine: doHonorChange - Spawned Pirate Leader at 6376.005859375, -5212.2431640625 Tatooine using base Spawn Point - X: 6390 Y: -5220 -  Source: @scripts/screenplays/tasks/hero_of_tatooine/heroOfTatooine.lua  Line: 913
Wed Mar  5 07:02:56 2025 [1741179776176 msec] (1609 s) Thread 9 - [LuaEventLogger] INFO - Hero of Tatooine: Scheduling NEW Event for Honor spawn in 3540000 Event Type: life - Function: createHonorEvent  Source: @scripts/screenplays/tasks/hero_of_tatooine/heroOfTatooine.lua  Line: 182
Wed Mar  5 07:04:56 2025 [1741179896152 msec] (1729 s) Thread 5 - [LuaEventLogger] INFO - Hero of Tatooine: doCourageChange complete. Boar Spawned at: -1529.134765625, 5248.1884765625 -  Source: @scripts/screenplays/tasks/hero_of_tatooine/heroOfTatooine.lua  Line: 249
Wed Mar  5 07:04:56 2025 [1741179896152 msec] (1729 s) Thread 5 - [LuaEventLogger] INFO - Hero of Tatooine: Scheduling NEW Event for Courage spawn in 3480000 Event Type: life - Function: createCourageEvent  Source: @scripts/screenplays/tasks/hero_of_tatooine/heroOfTatooine.lua  Line: 140
Wed Mar  5 07:04:56 2025 [1741179896186 msec] (1729 s) Thread 6 - [LuaEventLogger] INFO - Hero of Tatooine: doAltruismChange - Spawned Moisture Farmer at 2557.1801757812, 1660.0284423828 Tatooine using base Spawn Point - X: 2488 Y: 1676 -  Source: @scripts/screenplays/tasks/hero_of_tatooine/heroOfTatooine.lua  Line: 376
Wed Mar  5 07:04:56 2025 [1741179896186 msec] (1729 s) Thread 6 - [LuaEventLogger] INFO - Hero of Tatooine: Scheduling NEW Event for Altruism spawn in 3420000 Event Type: life - Function: createAltruismEvent  Source: @scripts/screenplays/tasks/hero_of_tatooine/heroOfTatooine.lua  Line: 154
Wed Mar  5 07:40:19 2025 [1741182019869 msec] (42 s) Thread 2 - [LuaEventLogger] INFO - CriesofAlderaan: determine Winning Faction -- Set Winning Faction: Imperial 3679112276 scheduling to re-check in 604800 seconds. - Function: determineWinningFaction  Source: @scripts/screenplays/events/coa/coa.lua  Line: 104
Wed Mar  5 07:40:23 2025 [1741182023075 msec] (46 s) Thread 2 - [LuaEventLogger] INFO - Hero of Tatooine: Rescheduling EXISTING Event for Courage to spawn in 1200000 Event Type: initial - Function: createCourageEvent  Source: @scripts/screenplays/tasks/hero_of_tatooine/heroOfTatooine.lua  Line: 136
Wed Mar  5 07:40:23 2025 [1741182023075 msec] (46 s) Thread 2 - [LuaEventLogger] INFO - Hero of Tatooine: Rescheduling EXISTING Event for Altruism spawn in 1260000 Event Type: initial - Function: createAltruismEvent  Source: @scripts/screenplays/tasks/hero_of_tatooine/heroOfTatooine.lua  Line: 150
Wed Mar  5 07:40:23 2025 [1741182023075 msec] (46 s) Thread 2 - [LuaEventLogger] INFO - Hero of Tatooine: Scheduling NEW Event for Intellect spawn in 1440000 Event Type: initial - Function: createIntellectEvent  Source: @scripts/screenplays/tasks/hero_of_tatooine/heroOfTatooine.lua  Line: 168
Wed Mar  5 07:40:23 2025 [1741182023075 msec] (46 s) Thread 2 - [LuaEventLogger] INFO - Hero of Tatooine: Rescheduling EXISTING Event for Honor spawn in 1440000 Event Type: initial - Function: createHonorEvent  Source: @scripts/screenplays/tasks/hero_of_tatooine/heroOfTatooine.lua  Line: 178
Wed Mar  5 07:40:23 2025 [1741182023080 msec] (46 s) Thread 2 - [LuaEventLogger] INFO - Hero of Tatooine: initRanchHouse - Rancher house initialized. - Function: initRanchHouse  Source: @scripts/screenplays/tasks/hero_of_tatooine/heroOfTatooine.lua  Line: 1057
Wed Mar  5 08:00:23 2025 [1741183223082 msec] (1246 s) Thread 6 - [LuaEventLogger] INFO - Hero of Tatooine: doCourageChange complete. Boar Spawned at: -1110.8355712891, 5880.7197265625 -  Source: @scripts/screenplays/tasks/hero_of_tatooine/heroOfTatooine.lua  Line: 249
Wed Mar  5 08:00:23 2025 [1741183223082 msec] (1246 s) Thread 6 - [LuaEventLogger] INFO - Hero of Tatooine: Scheduling NEW Event for Courage spawn in 3600000 Event Type: life - Function: createCourageEvent  Source: @scripts/screenplays/tasks/hero_of_tatooine/heroOfTatooine.lua  Line: 140
Wed Mar  5 08:01:23 2025 [1741183283087 msec] (1306 s) Thread 5 - [LuaEventLogger] INFO - Hero of Tatooine: doAltruismChange - Spawned Moisture Farmer at 2451.5595703125, 1811.4123535156 Tatooine using base Spawn Point - X: 2545 Y: 1741 -  Source: @scripts/screenplays/tasks/hero_of_tatooine/heroOfTatooine.lua  Line: 376
Wed Mar  5 08:01:23 2025 [1741183283087 msec] (1306 s) Thread 5 - [LuaEventLogger] INFO - Hero of Tatooine: Scheduling NEW Event for Altruism spawn in 2160000 Event Type: life - Function: createAltruismEvent  Source: @scripts/screenplays/tasks/hero_of_tatooine/heroOfTatooine.lua  Line: 154
Wed Mar  5 08:04:23 2025 [1741183463108 msec] (1486 s) Thread 9 - [LuaEventLogger] INFO - Hero of Tatooine: doHonorChange - Spawned Pirate Leader at 4486.84375, -3961.9663085938 Tatooine using base Spawn Point - X: 4373 Y: -3956 -  Source: @scripts/screenplays/tasks/hero_of_tatooine/heroOfTatooine.lua  Line: 913
Wed Mar  5 08:04:23 2025 [1741183463116 msec] (1486 s) Thread 9 - [LuaEventLogger] INFO - Hero of Tatooine: Scheduling NEW Event for Honor spawn in 1320000 Event Type: life - Function: createHonorEvent  Source: @scripts/screenplays/tasks/hero_of_tatooine/heroOfTatooine.lua  Line: 182
Wed Mar  5 08:26:23 2025 [1741184783117 msec] (2806 s) Thread 9 - [LuaEventLogger] INFO - Hero of Tatooine: Scheduling NEW Event for Honor spawn in 4620000 Event Type: respawn - Function: createHonorEvent  Source: @scripts/screenplays/tasks/hero_of_tatooine/heroOfTatooine.lua  Line: 182
Wed Mar  5 08:37:23 2025 [1741185443087 msec] (3466 s) Thread 6 - [LuaEventLogger] INFO - Hero of Tatooine: doAltruismChange - Moisture Farmer already spawned, despawning and rescheduling. -  Source: @scripts/screenplays/tasks/hero_of_tatooine/heroOfTatooine.lua  Line: 343
Wed Mar  5 08:37:23 2025 [1741185443088 msec] (3466 s) Thread 6 - [LuaEventLogger] INFO - Hero of Tatooine: Scheduling NEW Event for Altruism spawn in 10680000 Event Type: respawn - Function: createAltruismEvent  Source: @scripts/screenplays/tasks/hero_of_tatooine/heroOfTatooine.lua  Line: 154
