Tue Mar  4 21:18:46 2025 [1741144726385 msec] (62 s) Thread 36 - [NavMeshManager] INFO - Starting building navmesh for area: screenplay_tatooine_brigand_camp1 on planet: tatooine at: (x:1144, y:-3920, z:0)
Tue Mar  4 21:18:46 2025 [1741144726388 msec] (62 s) Thread 35 - [NavMeshManager] INFO - Starting building navmesh for area: screenplay_tatooine_brigand_camp2 on planet: tatooine at: (x:1002, y:-3019, z:0)
Tue Mar  4 21:18:46 2025 [1741144726389 msec] (62 s) Thread 37 - [NavMeshManager] INFO - Starting building navmesh for area: screenplay_tatooine_brigand_leader_camp on planet: tatooine at: (x:1500, y:-2000, z:0)
Tue Mar  4 21:18:48 2025 [1741144728033 msec] (63 s) Thread 7 - [NavMeshManager] INFO - Done building and setting navmesh for area: screenplay_tatooine_brigand_leader_camp on planet: tatooine at: (x:1500, y:-2000, z:0)
Tue Mar  4 21:18:48 2025 [1741144728143 msec] (63 s) Thread 10 - [NavMeshManager] INFO - Done building and setting navmesh for area: screenplay_tatooine_brigand_camp2 on planet: tatooine at: (x:1002, y:-3019, z:0)
Tue Mar  4 21:18:52 2025 [1741144732018 msec] (67 s) Thread 9 - [NavMeshManager] INFO - Done building and setting navmesh for area: screenplay_tatooine_brigand_camp1 on planet: tatooine at: (x:1144, y:-3920, z:0)
Tue Mar  4 21:24:13 2025 [1741145053390 msec] (79 s) Thread 36 - [NavMeshManager] INFO - Starting building navmesh for area: screenplay_tatooine_brigand_camp1 on planet: tatooine at: (x:1144, y:-3920, z:0)
Tue Mar  4 21:24:13 2025 [1741145053391 msec] (79 s) Thread 35 - [NavMeshManager] INFO - Starting building navmesh for area: screenplay_tatooine_brigand_camp2 on planet: tatooine at: (x:1002, y:-3019, z:0)
Tue Mar  4 21:24:13 2025 [1741145053393 msec] (79 s) Thread 37 - [NavMeshManager] INFO - Starting building navmesh for area: screenplay_tatooine_brigand_leader_camp on planet: tatooine at: (x:1500, y:-2000, z:0)
Tue Mar  4 21:24:15 2025 [1741145055059 msec] (81 s) Thread 6 - [NavMeshManager] INFO - Done building and setting navmesh for area: screenplay_tatooine_brigand_leader_camp on planet: tatooine at: (x:1500, y:-2000, z:0)
Tue Mar  4 21:24:15 2025 [1741145055306 msec] (81 s) Thread 4 - [NavMeshManager] INFO - Done building and setting navmesh for area: screenplay_tatooine_brigand_camp2 on planet: tatooine at: (x:1002, y:-3019, z:0)
Tue Mar  4 21:24:19 2025 [1741145059090 msec] (85 s) Thread 8 - [NavMeshManager] INFO - Done building and setting navmesh for area: screenplay_tatooine_brigand_camp1 on planet: tatooine at: (x:1144, y:-3920, z:0)
Tue Mar  4 22:09:56 2025 [1741147796019 msec] (61 s) Thread 35 - [NavMeshManager] INFO - Starting building navmesh for area: screenplay_tatooine_brigand_camp1 on planet: tatooine at: (x:1144, y:-3920, z:0)
Tue Mar  4 22:09:56 2025 [1741147796019 msec] (61 s) Thread 37 - [NavMeshManager] INFO - Starting building navmesh for area: screenplay_tatooine_brigand_camp2 on planet: tatooine at: (x:1002, y:-3019, z:0)
Tue Mar  4 22:09:56 2025 [1741147796020 msec] (61 s) Thread 36 - [NavMeshManager] INFO - Starting building navmesh for area: screenplay_tatooine_brigand_leader_camp on planet: tatooine at: (x:1500, y:-2000, z:0)
Tue Mar  4 22:09:57 2025 [1741147797544 msec] (63 s) Thread 7 - [NavMeshManager] INFO - Done building and setting navmesh for area: screenplay_tatooine_brigand_leader_camp on planet: tatooine at: (x:1500, y:-2000, z:0)
Tue Mar  4 22:09:57 2025 [1741147797832 msec] (63 s) Thread 6 - [NavMeshManager] INFO - Done building and setting navmesh for area: screenplay_tatooine_brigand_camp2 on planet: tatooine at: (x:1002, y:-3019, z:0)
Tue Mar  4 22:10:01 2025 [1741147801900 msec] (67 s) Thread 8 - [NavMeshManager] INFO - Done building and setting navmesh for area: screenplay_tatooine_brigand_camp1 on planet: tatooine at: (x:1144, y:-3920, z:0)
Tue Mar  4 22:17:39 2025 [1741148259031 msec] (62 s) Thread 36 - [NavMeshManager] INFO - Starting building navmesh for area: screenplay_tatooine_brigand_camp1 on planet: tatooine at: (x:1144, y:-3920, z:0)
Tue Mar  4 22:17:39 2025 [1741148259032 msec] (62 s) Thread 35 - [NavMeshManager] INFO - Starting building navmesh for area: screenplay_tatooine_brigand_camp2 on planet: tatooine at: (x:1002, y:-3019, z:0)
Tue Mar  4 22:17:39 2025 [1741148259032 msec] (62 s) Thread 37 - [NavMeshManager] INFO - Starting building navmesh for area: screenplay_tatooine_brigand_leader_camp on planet: tatooine at: (x:1500, y:-2000, z:0)
Tue Mar  4 22:17:40 2025 [1741148260797 msec] (63 s) Thread 6 - [NavMeshManager] INFO - Done building and setting navmesh for area: screenplay_tatooine_brigand_leader_camp on planet: tatooine at: (x:1500, y:-2000, z:0)
Tue Mar  4 22:17:40 2025 [1741148260938 msec] (64 s) Thread 8 - [NavMeshManager] INFO - Done building and setting navmesh for area: screenplay_tatooine_brigand_camp2 on planet: tatooine at: (x:1002, y:-3019, z:0)
Tue Mar  4 22:17:44 2025 [1741148264728 msec] (67 s) Thread 8 - [NavMeshManager] INFO - Done building and setting navmesh for area: screenplay_tatooine_brigand_camp1 on planet: tatooine at: (x:1144, y:-3920, z:0)
Tue Mar  4 22:56:44 2025 [1741150604304 msec] (69 s) Thread 37 - [NavMeshManager] INFO - Starting building navmesh for area: screenplay_tatooine_brigand_camp1 on planet: tatooine at: (x:1144, y:-3920, z:0)
Tue Mar  4 22:56:44 2025 [1741150604305 msec] (69 s) Thread 36 - [NavMeshManager] INFO - Starting building navmesh for area: screenplay_tatooine_brigand_camp2 on planet: tatooine at: (x:1002, y:-3019, z:0)
Tue Mar  4 22:56:44 2025 [1741150604305 msec] (69 s) Thread 35 - [NavMeshManager] INFO - Starting building navmesh for area: screenplay_tatooine_brigand_leader_camp on planet: tatooine at: (x:1500, y:-2000, z:0)
Tue Mar  4 22:56:45 2025 [1741150605940 msec] (71 s) Thread 6 - [NavMeshManager] INFO - Done building and setting navmesh for area: screenplay_tatooine_brigand_leader_camp on planet: tatooine at: (x:1500, y:-2000, z:0)
Tue Mar  4 22:56:46 2025 [1741150606176 msec] (71 s) Thread 9 - [NavMeshManager] INFO - Done building and setting navmesh for area: screenplay_tatooine_brigand_camp2 on planet: tatooine at: (x:1002, y:-3019, z:0)
Tue Mar  4 22:56:50 2025 [1741150610047 msec] (75 s) Thread 4 - [NavMeshManager] INFO - Done building and setting navmesh for area: screenplay_tatooine_brigand_camp1 on planet: tatooine at: (x:1144, y:-3920, z:0)
Wed Mar  5 06:37:14 2025 [1741178234006 msec] (67 s) Thread 35 - [NavMeshManager] INFO - Starting building navmesh for area: screenplay_tatooine_brigand_camp1 on planet: tatooine at: (x:1144, y:-3920, z:0)
Wed Mar  5 06:37:14 2025 [1741178234006 msec] (67 s) Thread 36 - [NavMeshManager] INFO - Starting building navmesh for area: screenplay_tatooine_brigand_camp2 on planet: tatooine at: (x:1002, y:-3019, z:0)
Wed Mar  5 06:37:14 2025 [1741178234006 msec] (67 s) Thread 37 - [NavMeshManager] INFO - Starting building navmesh for area: screenplay_tatooine_brigand_leader_camp on planet: tatooine at: (x:1500, y:-2000, z:0)
Wed Mar  5 06:37:15 2025 [1741178235734 msec] (69 s) Thread 5 - [NavMeshManager] INFO - Done building and setting navmesh for area: screenplay_tatooine_brigand_leader_camp on planet: tatooine at: (x:1500, y:-2000, z:0)
Wed Mar  5 06:37:15 2025 [1741178235934 msec] (69 s) Thread 7 - [NavMeshManager] INFO - Done building and setting navmesh for area: screenplay_tatooine_brigand_camp2 on planet: tatooine at: (x:1002, y:-3019, z:0)
Wed Mar  5 06:37:19 2025 [1741178239168 msec] (72 s) Thread 8 - [NavMeshManager] INFO - Done building and setting navmesh for area: screenplay_tatooine_brigand_camp1 on planet: tatooine at: (x:1144, y:-3920, z:0)
Wed Mar  5 07:40:41 2025 [1741182041304 msec] (64 s) Thread 36 - [NavMeshManager] INFO - Starting building navmesh for area: screenplay_tatooine_brigand_camp1 on planet: tatooine at: (x:1144, y:-3920, z:0)
Wed Mar  5 07:40:41 2025 [1741182041304 msec] (64 s) Thread 37 - [NavMeshManager] INFO - Starting building navmesh for area: screenplay_tatooine_brigand_camp2 on planet: tatooine at: (x:1002, y:-3019, z:0)
Wed Mar  5 07:40:41 2025 [1741182041305 msec] (64 s) Thread 35 - [NavMeshManager] INFO - Starting building navmesh for area: screenplay_tatooine_brigand_leader_camp on planet: tatooine at: (x:1500, y:-2000, z:0)
Wed Mar  5 07:40:42 2025 [1741182042631 msec] (65 s) Thread 5 - [NavMeshManager] INFO - Done building and setting navmesh for area: screenplay_tatooine_brigand_leader_camp on planet: tatooine at: (x:1500, y:-2000, z:0)
Wed Mar  5 07:40:43 2025 [1741182043030 msec] (66 s) Thread 8 - [NavMeshManager] INFO - Done building and setting navmesh for area: screenplay_tatooine_brigand_camp2 on planet: tatooine at: (x:1002, y:-3019, z:0)
Wed Mar  5 07:40:46 2025 [1741182046471 msec] (69 s) Thread 10 - [NavMeshManager] INFO - Done building and setting navmesh for area: screenplay_tatooine_brigand_camp1 on planet: tatooine at: (x:1144, y:-3920, z:0)
